#
# There is insufficient memory for the Java Runtime Environment to continue.
# Native memory allocation (malloc) failed to allocate 32744 bytes for ChunkPool::allocate
# Possible reasons:
#   The system is out of physical RAM or swap space
#   The process is running with CompressedOops enabled, and the Java Heap may be blocking the growth of the native heap
# Possible solutions:
#   Reduce memory load on the system
#   Increase physical memory or swap space
#   Check if swap backing store is full
#   Decrease Java heap size (-Xmx/-Xms)
#   Decrease number of Java threads
#   Decrease Java thread stack sizes (-Xss)
#   Set larger code cache with -XX:ReservedCodeCacheSize=
#   JVM is running with Unscaled Compressed Oops mode in which the Java heap is
#     placed in the first 4GB address space. The Java Heap base address is the
#     maximum limit for the native heap growth. Please use -XX:HeapBaseMinAddress
#     to set the Java Heap base and to place the Java Heap above 4GB virtual address.
# This output file may be truncated or incomplete.
#
#  Out of Memory Error (allocation.cpp:272), pid=12752, tid=0x00000000000063b0
#
# JRE version: Java(TM) SE Runtime Environment (8.0_261-b12) (build 1.8.0_261-b12)
# Java VM: Java HotSpot(TM) 64-Bit Server VM (25.261-b12 mixed mode windows-amd64 compressed oops)
# Failed to write core dump. Minidumps are not enabled by default on client versions of Windows
#

---------------  T H R E A D  ---------------

Current thread (0x0000011acb31e000):  JavaThread "C2 CompilerThread0" daemon [_thread_in_native, id=25520, stack(0x000000140e600000,0x000000140e700000)]

Stack: [0x000000140e600000,0x000000140e700000]
Native frames: (J=compiled Java code, j=interpreted, Vv=VM code, C=native code)
V  [jvm.dll+0x33e5f9]
V  [jvm.dll+0x2850e2]
V  [jvm.dll+0x285d8d]
V  [jvm.dll+0x27c895]
V  [jvm.dll+0xe520d]
V  [jvm.dll+0xe556c]
V  [jvm.dll+0x4d40d3]
V  [jvm.dll+0x4c5c9e]
V  [jvm.dll+0x4c4a0e]
V  [jvm.dll+0x44f6fe]
V  [jvm.dll+0x44ecb5]
V  [jvm.dll+0x439bc7]
V  [jvm.dll+0xbbbcb]
V  [jvm.dll+0xba22b]
V  [jvm.dll+0x24d962]
V  [jvm.dll+0x2a1cfc]
C  [ucrtbase.dll+0x210b2]
C  [KERNEL32.DLL+0x17c24]
C  [ntdll.dll+0x6d721]


Current CompileTask:
C2:  21527 1107       4       org.gradle.internal.logging.text.AbstractLineChoppingStyledTextOutput$2::execute (73 bytes)


---------------  P R O C E S S  ---------------

Java Threads: ( => current thread )
  0x0000011acc3b0800 JavaThread "Thread-1" [_thread_new, id=17944, stack(0x0000000000000000,0x0000000000000000)]
  0x0000011acc3b3800 JavaThread "Thread-0" [_thread_new, id=22760, stack(0x0000000000000000,0x0000000000000000)]
  0x0000011accfbe800 JavaThread "DisconnectableInputStream source reader" daemon [_thread_in_native, id=27228, stack(0x000000140ed00000,0x000000140ee00000)]
  0x0000011acb3ae800 JavaThread "Service Thread" daemon [_thread_blocked, id=25856, stack(0x000000140e900000,0x000000140ea00000)]
  0x0000011acb334000 JavaThread "C1 CompilerThread2" daemon [_thread_in_native, id=27560, stack(0x000000140e800000,0x000000140e900000)]
  0x0000011acb323000 JavaThread "C2 CompilerThread1" daemon [_thread_blocked, id=3864, stack(0x000000140e700000,0x000000140e800000)]
=>0x0000011acb31e000 JavaThread "C2 CompilerThread0" daemon [_thread_in_native, id=25520, stack(0x000000140e600000,0x000000140e700000)]
  0x0000011acb31c800 JavaThread "Attach Listener" daemon [_thread_blocked, id=16880, stack(0x000000140e500000,0x000000140e600000)]
  0x0000011acb31b000 JavaThread "Signal Dispatcher" daemon [_thread_blocked, id=21204, stack(0x000000140e400000,0x000000140e500000)]
  0x0000011acabba800 JavaThread "Finalizer" daemon [_thread_blocked, id=16504, stack(0x000000140e300000,0x000000140e400000)]
  0x0000011acb2f6000 JavaThread "Reference Handler" daemon [_thread_blocked, id=4336, stack(0x000000140e200000,0x000000140e300000)]
  0x0000011ab9237800 JavaThread "main" [_thread_blocked, id=11560, stack(0x000000140dc00000,0x000000140dd00000)]

Other Threads:
  0x0000011acb2d4000 VMThread [stack: 0x000000140e100000,0x000000140e200000] [id=10680]
  0x0000011acb37b800 WatcherThread [stack: 0x000000140ea00000,0x000000140eb00000] [id=9184]

VM state:not at safepoint (normal execution)

VM Mutex/Monitor currently owned by a thread: None

heap address: 0x00000000fc000000, size: 64 MB, Compressed Oops mode: 32-bit
Narrow klass base: 0x0000000000000000, Narrow klass shift: 3
Compressed class space size: 1073741824 Address: 0x0000000100000000

Heap:
 PSYoungGen      total 18944K, used 18541K [0x00000000feb00000, 0x0000000100000000, 0x0000000100000000)
  eden space 16384K, 97% used [0x00000000feb00000,0x00000000ffa9f580,0x00000000ffb00000)
  from space 2560K, 99% used [0x00000000ffd80000,0x00000000ffffc030,0x0000000100000000)
  to   space 2560K, 0% used [0x00000000ffb00000,0x00000000ffb00000,0x00000000ffd80000)
 ParOldGen       total 44032K, used 1423K [0x00000000fc000000, 0x00000000feb00000, 0x00000000feb00000)
  object space 44032K, 3% used [0x00000000fc000000,0x00000000fc163e88,0x00000000feb00000)
 Metaspace       used 12023K, capacity 12312K, committed 12544K, reserved 1060864K
  class space    used 1594K, capacity 1700K, committed 1792K, reserved 1048576K

Card table byte_map: [0x0000011ab93e0000,0x0000011ab9410000] byte_map_base: 0x0000011ab8c00000

Marking Bits: (ParMarkBitMap*) 0x000000006b084fb0
 Begin Bits: [0x0000011aca0c0000, 0x0000011aca1c0000)
 End Bits:   [0x0000011aca1c0000, 0x0000011aca2c0000)

Polling page: 0x0000011ab91e0000

CodeCache: size=245760Kb used=3954Kb max_used=3966Kb free=241805Kb
 bounds [0x0000011abad00000, 0x0000011abb0f0000, 0x0000011ac9d00000]
 total_blobs=1491 nmethods=1117 adapters=286
 compilation: enabled

Compilation events (10 events):
Event: 21.470 Thread 0x0000011acb31e000 1107       4       org.gradle.internal.logging.text.AbstractLineChoppingStyledTextOutput$2::execute (73 bytes)
Event: 21.470 Thread 0x0000011acb334000 1108       3       java.io.Writer::append (6 bytes)
Event: 21.470 Thread 0x0000011acb334000 nmethod 1108 0x0000011abb0da1d0 code [0x0000011abb0da340, 0x0000011abb0da550]
Event: 21.471 Thread 0x0000011acb334000 1109       3       java.io.Writer::append (25 bytes)
Event: 21.471 Thread 0x0000011acb334000 nmethod 1109 0x0000011abb0d9b50 code [0x0000011abb0d9ce0, 0x0000011abb0da0f0]
Event: 21.471 Thread 0x0000011acb334000 1110       3       java.io.Writer::write (11 bytes)
Event: 21.471 Thread 0x0000011acb334000 nmethod 1110 0x0000011abb0d9590 code [0x0000011abb0d9700, 0x0000011abb0d9a10]
Event: 21.471 Thread 0x0000011acb334000 1111       3       java.io.OutputStreamWriter::write (11 bytes)
Event: 21.471 Thread 0x0000011acb334000 nmethod 1111 0x0000011abb0d9190 code [0x0000011abb0d9300, 0x0000011abb0d94b0]
Event: 21.471 Thread 0x0000011acb334000 1112   !   3       sun.nio.cs.StreamEncoder::write (78 bytes)

GC Heap History (4 events):
Event: 0.536 GC heap before
{Heap before GC invocations=1 (full 0):
 PSYoungGen      total 18944K, used 16384K [0x00000000feb00000, 0x0000000100000000, 0x0000000100000000)
  eden space 16384K, 100% used [0x00000000feb00000,0x00000000ffb00000,0x00000000ffb00000)
  from space 2560K, 0% used [0x00000000ffd80000,0x00000000ffd80000,0x0000000100000000)
  to   space 2560K, 0% used [0x00000000ffb00000,0x00000000ffb00000,0x00000000ffd80000)
 ParOldGen       total 44032K, used 0K [0x00000000fc000000, 0x00000000feb00000, 0x00000000feb00000)
  object space 44032K, 0% used [0x00000000fc000000,0x00000000fc000000,0x00000000feb00000)
 Metaspace       used 6420K, capacity 6654K, committed 6784K, reserved 1056768K
  class space    used 785K, capacity 877K, committed 896K, reserved 1048576K
Event: 0.539 GC heap after
Heap after GC invocations=1 (full 0):
 PSYoungGen      total 18944K, used 2551K [0x00000000feb00000, 0x0000000100000000, 0x0000000100000000)
  eden space 16384K, 0% used [0x00000000feb00000,0x00000000feb00000,0x00000000ffb00000)
  from space 2560K, 99% used [0x00000000ffb00000,0x00000000ffd7de60,0x00000000ffd80000)
  to   space 2560K, 0% used [0x00000000ffd80000,0x00000000ffd80000,0x0000000100000000)
 ParOldGen       total 44032K, used 40K [0x00000000fc000000, 0x00000000feb00000, 0x00000000feb00000)
  object space 44032K, 0% used [0x00000000fc000000,0x00000000fc00a000,0x00000000feb00000)
 Metaspace       used 6420K, capacity 6654K, committed 6784K, reserved 1056768K
  class space    used 785K, capacity 877K, committed 896K, reserved 1048576K
}
Event: 0.733 GC heap before
{Heap before GC invocations=2 (full 0):
 PSYoungGen      total 18944K, used 18935K [0x00000000feb00000, 0x0000000100000000, 0x0000000100000000)
  eden space 16384K, 100% used [0x00000000feb00000,0x00000000ffb00000,0x00000000ffb00000)
  from space 2560K, 99% used [0x00000000ffb00000,0x00000000ffd7de60,0x00000000ffd80000)
  to   space 2560K, 0% used [0x00000000ffd80000,0x00000000ffd80000,0x0000000100000000)
 ParOldGen       total 44032K, used 40K [0x00000000fc000000, 0x00000000feb00000, 0x00000000feb00000)
  object space 44032K, 0% used [0x00000000fc000000,0x00000000fc00a000,0x00000000feb00000)
 Metaspace       used 8805K, capacity 9088K, committed 9344K, reserved 1056768K
  class space    used 1181K, capacity 1308K, committed 1408K, reserved 1048576K
Event: 0.736 GC heap after
Heap after GC invocations=2 (full 0):
 PSYoungGen      total 18944K, used 2544K [0x00000000feb00000, 0x0000000100000000, 0x0000000100000000)
  eden space 16384K, 0% used [0x00000000feb00000,0x00000000feb00000,0x00000000ffb00000)
  from space 2560K, 99% used [0x00000000ffd80000,0x00000000ffffc030,0x0000000100000000)
  to   space 2560K, 0% used [0x00000000ffb00000,0x00000000ffb00000,0x00000000ffd80000)
 ParOldGen       total 44032K, used 1423K [0x00000000fc000000, 0x00000000feb00000, 0x00000000feb00000)
  object space 44032K, 3% used [0x00000000fc000000,0x00000000fc163e88,0x00000000feb00000)
 Metaspace       used 8805K, capacity 9088K, committed 9344K, reserved 1056768K
  class space    used 1181K, capacity 1308K, committed 1408K, reserved 1048576K
}

Deoptimization events (10 events):
Event: 0.575 Thread 0x0000011ab9237800 Uncommon trap: reason=class_check action=maybe_recompile pc=0x0000011abaee760c method=java.util.regex.Matcher.match(II)Z @ 86
Event: 0.575 Thread 0x0000011ab9237800 Uncommon trap: reason=class_check action=maybe_recompile pc=0x0000011abaee760c method=java.util.regex.Matcher.match(II)Z @ 86
Event: 0.576 Thread 0x0000011ab9237800 Uncommon trap: reason=class_check action=maybe_recompile pc=0x0000011abaee760c method=java.util.regex.Matcher.match(II)Z @ 86
Event: 0.576 Thread 0x0000011ab9237800 Uncommon trap: reason=class_check action=maybe_recompile pc=0x0000011abaee760c method=java.util.regex.Matcher.match(II)Z @ 86
Event: 0.578 Thread 0x0000011ab9237800 Uncommon trap: reason=unstable_if action=reinterpret pc=0x0000011abae423d0 method=java.util.regex.Pattern.has(I)Z @ 6
Event: 0.716 Thread 0x0000011ab9237800 Uncommon trap: reason=unstable_if action=reinterpret pc=0x0000011abaf913fc method=java.util.HashMap.hash(Ljava/lang/Object;)I @ 1
Event: 0.755 Thread 0x0000011ab9237800 Uncommon trap: reason=unstable_if action=reinterpret pc=0x0000011abaf87950 method=java.util.HashMap.getNode(ILjava/lang/Object;)Ljava/util/HashMap$Node; @ 129
Event: 0.755 Thread 0x0000011ab9237800 Uncommon trap: reason=bimorphic action=maybe_recompile pc=0x0000011abaff70f8 method=java.util.HashMap.putVal(ILjava/lang/Object;Ljava/lang/Object;ZZ)Ljava/lang/Object; @ 203
Event: 1.341 Thread 0x0000011accfbe800 Uncommon trap: reason=bimorphic action=maybe_recompile pc=0x0000011abaff70f8 method=java.util.HashMap.putVal(ILjava/lang/Object;Ljava/lang/Object;ZZ)Ljava/lang/Object; @ 203
Event: 1.341 Thread 0x0000011accfbe800 Uncommon trap: reason=bimorphic action=maybe_recompile pc=0x0000011abaff70f8 method=java.util.HashMap.putVal(ILjava/lang/Object;Ljava/lang/Object;ZZ)Ljava/lang/Object; @ 203

Classes redefined (0 events):
No events

Internal exceptions (10 events):
Event: 0.718 Thread 0x0000011ab9237800 Exception <a 'java/lang/ArrayIndexOutOfBoundsException'> (0x00000000ff95d948) thrown at [C:\jenkins\workspace\8-2-build-windows-amd64-cygwin\jdk8u261\295\hotspot\src\share\vm\runtime\sharedRuntime.cpp, line 605]
Event: 0.721 Thread 0x0000011ab9237800 Exception <a 'java/lang/ArrayIndexOutOfBoundsException'> (0x00000000ff9cb4d8) thrown at [C:\jenkins\workspace\8-2-build-windows-amd64-cygwin\jdk8u261\295\hotspot\src\share\vm\runtime\sharedRuntime.cpp, line 605]
Event: 0.721 Thread 0x0000011ab9237800 Exception <a 'java/lang/ArrayIndexOutOfBoundsException'> (0x00000000ff9ccdc0) thrown at [C:\jenkins\workspace\8-2-build-windows-amd64-cygwin\jdk8u261\295\hotspot\src\share\vm\runtime\sharedRuntime.cpp, line 605]
Event: 0.722 Thread 0x0000011ab9237800 Exception <a 'java/lang/ArrayIndexOutOfBoundsException'> (0x00000000ff9cde98) thrown at [C:\jenkins\workspace\8-2-build-windows-amd64-cygwin\jdk8u261\295\hotspot\src\share\vm\runtime\sharedRuntime.cpp, line 605]
Event: 0.722 Thread 0x0000011ab9237800 Exception <a 'java/lang/ArrayIndexOutOfBoundsException'> (0x00000000ff9cf898) thrown at [C:\jenkins\workspace\8-2-build-windows-amd64-cygwin\jdk8u261\295\hotspot\src\share\vm\runtime\sharedRuntime.cpp, line 605]
Event: 0.722 Thread 0x0000011ab9237800 Exception <a 'java/lang/ArrayIndexOutOfBoundsException'> (0x00000000ff9d2320) thrown at [C:\jenkins\workspace\8-2-build-windows-amd64-cygwin\jdk8u261\295\hotspot\src\share\vm\runtime\sharedRuntime.cpp, line 605]
Event: 0.722 Thread 0x0000011ab9237800 Exception <a 'java/lang/ArrayIndexOutOfBoundsException'> (0x00000000ff9d3ea0) thrown at [C:\jenkins\workspace\8-2-build-windows-amd64-cygwin\jdk8u261\295\hotspot\src\share\vm\runtime\sharedRuntime.cpp, line 605]
Event: 0.722 Thread 0x0000011ab9237800 Exception <a 'java/lang/ArrayIndexOutOfBoundsException'> (0x00000000ff9d62d8) thrown at [C:\jenkins\workspace\8-2-build-windows-amd64-cygwin\jdk8u261\295\hotspot\src\share\vm\runtime\sharedRuntime.cpp, line 605]
Event: 21.459 Thread 0x0000011ab9237800 Exception <a 'java/io/IOException'> (0x00000000ff9c1228) thrown at [C:\jenkins\workspace\8-2-build-windows-amd64-cygwin\jdk8u261\295\hotspot\src\share\vm\prims\jni.cpp, line 710]
Event: 21.465 Thread 0x0000011accf41800 Exception <a 'java/io/IOException'> (0x00000000ff8cc2c8) thrown at [C:\jenkins\workspace\8-2-build-windows-amd64-cygwin\jdk8u261\295\hotspot\src\share\vm\prims\jni.cpp, line 710]

Events (10 events):
Event: 21.459 loading class org/slf4j/helpers/MessageFormatter done
Event: 21.460 loading class org/slf4j/helpers/FormattingTuple
Event: 21.460 loading class org/slf4j/helpers/FormattingTuple done
Event: 21.461 loading class org/gradle/util/internal/LimitedDescription
Event: 21.461 loading class org/gradle/util/internal/LimitedDescription done
Event: 21.466 Thread 0x0000011accf41800 Thread exited: 0x0000011accf41800
Event: 21.466 loading class org/gradle/internal/remote/internal/inet/SocketConnection$1
Event: 21.466 loading class org/gradle/internal/remote/internal/inet/SocketConnection$1 done
Event: 21.467 loading class java/util/concurrent/ConcurrentLinkedQueue$Itr
Event: 21.467 loading class java/util/concurrent/ConcurrentLinkedQueue$Itr done


Dynamic libraries:
0x00007ff65dae0000 - 0x00007ff65db27000 	C:\Program Files\Java\jdk1.8.0_261\bin\java.exe
0x00007ffc28280000 - 0x00007ffc28470000 	C:\Windows\SYSTEM32\ntdll.dll
0x00007ffc26d20000 - 0x00007ffc26dd2000 	C:\Windows\System32\KERNEL32.DLL
0x00007ffc25f30000 - 0x00007ffc261d5000 	C:\Windows\System32\KERNELBASE.dll
0x00007ffc27220000 - 0x00007ffc272c3000 	C:\Windows\System32\ADVAPI32.dll
0x00007ffc281a0000 - 0x00007ffc2823e000 	C:\Windows\System32\msvcrt.dll
0x00007ffc27e10000 - 0x00007ffc27ea7000 	C:\Windows\System32\sechost.dll
0x00007ffc270f0000 - 0x00007ffc2720f000 	C:\Windows\System32\RPCRT4.dll
0x00007ffc26f50000 - 0x00007ffc270e4000 	C:\Windows\System32\USER32.dll
0x00007ffc26200000 - 0x00007ffc26221000 	C:\Windows\System32\win32u.dll
0x00007ffc27b90000 - 0x00007ffc27bb6000 	C:\Windows\System32\GDI32.dll
0x00007ffc25200000 - 0x00007ffc25398000 	C:\Windows\System32\gdi32full.dll
0x00007ffc25c10000 - 0x00007ffc25cae000 	C:\Windows\System32\msvcp_win.dll
0x00007ffc26230000 - 0x00007ffc2632a000 	C:\Windows\System32\ucrtbase.dll
0x00007ffc24850000 - 0x00007ffc24ad4000 	C:\Windows\WinSxS\amd64_microsoft.windows.common-controls_6595b64144ccf1df_6.0.18362.1379_none_9e7ff3b3e45cc0c4\COMCTL32.dll
0x00007ffc277b0000 - 0x00007ffc27ae7000 	C:\Windows\System32\combase.dll
0x00007ffc25400000 - 0x00007ffc25481000 	C:\Windows\System32\bcryptPrimitives.dll
0x00007ffc27de0000 - 0x00007ffc27e0e000 	C:\Windows\System32\IMM32.DLL
0x00007ffbeecf0000 - 0x00007ffbeed05000 	C:\Program Files\Java\jdk1.8.0_261\jre\bin\vcruntime140.dll
0x00007ffbe7e00000 - 0x00007ffbe7e9b000 	C:\Program Files\Java\jdk1.8.0_261\jre\bin\msvcp140.dll
0x000000006a890000 - 0x000000006b0fc000 	C:\Program Files\Java\jdk1.8.0_261\jre\bin\server\jvm.dll
0x00007ffc26f40000 - 0x00007ffc26f48000 	C:\Windows\System32\PSAPI.DLL
0x00007ffc22830000 - 0x00007ffc22854000 	C:\Windows\SYSTEM32\WINMM.dll
0x00007ffc146a0000 - 0x00007ffc146aa000 	C:\Windows\SYSTEM32\VERSION.dll
0x00007ffbf12f0000 - 0x00007ffbf12f9000 	C:\Windows\SYSTEM32\WSOCK32.dll
0x00007ffc27bc0000 - 0x00007ffc27c2f000 	C:\Windows\System32\WS2_32.dll
0x00007ffc227e0000 - 0x00007ffc2280d000 	C:\Windows\SYSTEM32\winmmbase.dll
0x00007ffc25d90000 - 0x00007ffc25dda000 	C:\Windows\System32\cfgmgr32.dll
0x00007ffc25140000 - 0x00007ffc25151000 	C:\Windows\System32\kernel.appcore.dll
0x00007ffbeef50000 - 0x00007ffbeef60000 	C:\Program Files\Java\jdk1.8.0_261\jre\bin\verify.dll
0x00007ffbeecc0000 - 0x00007ffbeeceb000 	C:\Program Files\Java\jdk1.8.0_261\jre\bin\java.dll
0x00007ffbeebd0000 - 0x00007ffbeebe8000 	C:\Program Files\Java\jdk1.8.0_261\jre\bin\zip.dll
0x00007ffc26630000 - 0x00007ffc26d18000 	C:\Windows\System32\SHELL32.dll
0x00007ffc26580000 - 0x00007ffc26627000 	C:\Windows\System32\shcore.dll
0x00007ffc25490000 - 0x00007ffc25c0b000 	C:\Windows\System32\windows.storage.dll
0x00007ffc25160000 - 0x00007ffc25183000 	C:\Windows\System32\profapi.dll
0x00007ffc251b0000 - 0x00007ffc251fa000 	C:\Windows\System32\powrprof.dll
0x00007ffc25130000 - 0x00007ffc25140000 	C:\Windows\System32\UMPDC.dll
0x00007ffc27eb0000 - 0x00007ffc27f02000 	C:\Windows\System32\shlwapi.dll
0x00007ffc261e0000 - 0x00007ffc261f7000 	C:\Windows\System32\cryptsp.dll
0x00007ffbeb4e0000 - 0x00007ffbeb4fc000 	C:\Program Files\Java\jdk1.8.0_261\jre\bin\net.dll
0x00007ffc24290000 - 0x00007ffc242f7000 	C:\Windows\system32\mswsock.dll
0x00007ffbeb4c0000 - 0x00007ffbeb4d3000 	C:\Program Files\Java\jdk1.8.0_261\jre\bin\nio.dll
0x00007ffbe9100000 - 0x00007ffbe912a000 	C:\Users\DGT\.gradle\native\36\windows-amd64\native-platform.dll
0x00007ffbff120000 - 0x00007ffbff12a000 	C:\Users\DGT\.gradle\native\jansi\1.18\windows64\jansi.dll
0x00007ffbeb470000 - 0x00007ffbeb47d000 	C:\Program Files\Java\jdk1.8.0_261\jre\bin\management.dll
0x00007ffc23e10000 - 0x00007ffc23e43000 	C:\Windows\system32\rsaenh.dll
0x00007ffc25d60000 - 0x00007ffc25d86000 	C:\Windows\System32\bcrypt.dll
0x00007ffc25050000 - 0x00007ffc25075000 	C:\Windows\SYSTEM32\USERENV.dll
0x00007ffc24460000 - 0x00007ffc2446c000 	C:\Windows\SYSTEM32\CRYPTBASE.dll
0x00007ffc23fa0000 - 0x00007ffc23fda000 	C:\Windows\SYSTEM32\IPHLPAPI.DLL
0x00007ffc27210000 - 0x00007ffc27218000 	C:\Windows\System32\NSI.dll
0x00007ffc1d8b0000 - 0x00007ffc1d8c6000 	C:\Windows\SYSTEM32\dhcpcsvc6.DLL
0x00007ffc1df10000 - 0x00007ffc1df2c000 	C:\Windows\SYSTEM32\dhcpcsvc.DLL
0x00007ffc23fe0000 - 0x00007ffc240ab000 	C:\Windows\SYSTEM32\DNSAPI.dll
0x00007ffc24b10000 - 0x00007ffc24d04000 	C:\Windows\SYSTEM32\dbghelp.dll

VM Arguments:
jvm_args: -Xmx64m -Xms64m -Dorg.gradle.appname=gradlew 
java_command: org.gradle.wrapper.GradleWrapperMain app:installDebug -PreactNativeDevServerPort=8081
java_class_path (initial): F:\Poeticdata_Project@1\varial_app\android\\gradle\wrapper\gradle-wrapper.jar
Launcher Type: SUN_STANDARD

Environment Variables:
JAVA_HOME=C:\Program Files\Java\jdk1.8.0_261
CLASSPATH=F:\Poeticdata_Project@1\varial_app\android\\gradle\wrapper\gradle-wrapper.jar
PATH=F:\Poeticdata_Project@1\varial_app\android\node_modules\.bin;F:\Poeticdata_Project@1\varial_app\node_modules\.bin;F:\Poeticdata_Project@1\node_modules\.bin;F:\node_modules\.bin;C:\Program Files\nodejs;C:\Program Files (x86)\Common Files\Oracle\Java\javapath;C:\Python38\Scripts\;C:\Python38\;C:\Windows\system32;C:\Windows;C:\Windows\System32\Wbem;C:\Windows\System32\WindowsPowerShell\v1.0\;C:\Windows\System32\OpenSSH\;C:\Program Files\Git\cmd;C:\Program Files\nodejs\;C:\ProgramData\chocolatey\bin;C:\Program Files\Java\jdk1.8.0_261\bin;C:\Program Files\Android\Android Studio\gradle\gradle-X.X\;C:\Program Files\MongoDB\Server\4.0\bin;C:\Users\DGT\AppData\Local\Android\Sdk\emulator;C:\Program Files\dotnet\;C:\Program Files\Azure Data Studio\bin;C:\Program Files\Microsoft SQL Server\Client SDK\ODBC\170\Tools\Binn\;C:\Program Files (x86)\Microsoft SQL Server\150\Tools\Binn\;C:\Program Files\Microsoft SQL Server\150\Tools\Binn\;C:\Program Files\Microsoft SQL Server\150\DTS\Binn\;C:\Program Files (x86)\Microsoft SQL Server\150\DTS\Binn\;C:\Program Files\Microsoft SQL Server\130\Tools\Binn\;C:\Users\DGT\AppData\Local\Microsoft\WindowsApps;C:\Users\DGT\AppData\Roaming\npm;C:\Users\DGT\Program Files\node.js\;C:\Users\DGT\AppData\Local\Android\Sdk;C:\Users\DGT\AppData\Local\Programs\Microsoft VS Code Insiders\bin;C:\Users\DGT\AppData\Local\Programs\Microsoft VS Code\bin;C:\Users\DGT\.dotnet\tools;C:\Program Files\Azure Data Studio\bin
USERNAME=DGT
OS=Windows_NT
PROCESSOR_IDENTIFIER=Intel64 Family 6 Model 142 Stepping 10, GenuineIntel



---------------  S Y S T E M  ---------------

OS: Windows 10.0 , 64 bit Build 18362 (10.0.18362.1350)

CPU:total 4 (initial active 4) (2 cores per cpu, 2 threads per core) family 6 model 142 stepping 10, cmov, cx8, fxsr, mmx, sse, sse2, sse3, ssse3, sse4.1, sse4.2, popcnt, avx, avx2, aes, clmul, erms, 3dnowpref, lzcnt, ht, tsc, tscinvbit, bmi1, bmi2, adx

Memory: 4k page, physical 11811356k(1751940k free), swap 13859356k(616520k free)

vm_info: Java HotSpot(TM) 64-Bit Server VM (25.261-b12) for windows-amd64 JRE (1.8.0_261-b12), built on Jun 18 2020 06:56:32 by "" with unknown MS VC++:1916

time: Tue Mar  2 16:38:07 2021
timezone: India Standard Time
elapsed time: 21 seconds (0d 0h 0m 21s)

