#
# There is insufficient memory for the Java Runtime Environment to continue.
# Native memory allocation (malloc) failed to allocate 524304 bytes for Chunk::new
# Possible reasons:
#   The system is out of physical RAM or swap space
#   The process is running with CompressedOops enabled, and the Java Heap may be blocking the growth of the native heap
# Possible solutions:
#   Reduce memory load on the system
#   Increase physical memory or swap space
#   Check if swap backing store is full
#   Decrease Java heap size (-Xmx/-Xms)
#   Decrease number of Java threads
#   Decrease Java thread stack sizes (-Xss)
#   Set larger code cache with -XX:ReservedCodeCacheSize=
#   JVM is running with Unscaled Compressed Oops mode in which the Java heap is
#     placed in the first 4GB address space. The Java Heap base address is the
#     maximum limit for the native heap growth. Please use -XX:HeapBaseMinAddress
#     to set the Java Heap base and to place the Java Heap above 4GB virtual address.
# This output file may be truncated or incomplete.
#
#  Out of Memory Error (allocation.cpp:389), pid=15828, tid=0x00000000000070e0
#
# JRE version: Java(TM) SE Runtime Environment (8.0_261-b12) (build 1.8.0_261-b12)
# Java VM: Java HotSpot(TM) 64-Bit Server VM (25.261-b12 mixed mode windows-amd64 compressed oops)
# Failed to write core dump. Minidumps are not enabled by default on client versions of Windows
#

---------------  T H R E A D  ---------------

Current thread (0x00000264c5305800):  JavaThread "C2 CompilerThread0" daemon [_thread_in_native, id=28896, stack(0x0000008462600000,0x0000008462700000)]

Stack: [0x0000008462600000,0x0000008462700000]
Native frames: (J=compiled Java code, j=interpreted, Vv=VM code, C=native code)
V  [jvm.dll+0x33e5f9]
V  [jvm.dll+0x2850e2]
V  [jvm.dll+0x285d8d]
V  [jvm.dll+0x27c895]
V  [jvm.dll+0xe4d6c]
V  [jvm.dll+0xe556c]
V  [jvm.dll+0xe50bd]
V  [jvm.dll+0x4d5e08]
V  [jvm.dll+0x4328ec]
V  [jvm.dll+0x4c5ff5]
V  [jvm.dll+0x4c4a0e]
V  [jvm.dll+0x44f6fe]
V  [jvm.dll+0x44ecb5]
V  [jvm.dll+0x439bc7]
V  [jvm.dll+0xbbbcb]
V  [jvm.dll+0xba22b]
V  [jvm.dll+0x24d962]
V  [jvm.dll+0x2a1cfc]
C  [ucrtbase.dll+0x210b2]
C  [KERNEL32.DLL+0x17c24]
C  [ntdll.dll+0x6d721]


Current CompileTask:
C2:7906598 17063       4       org.gradle.api.internal.artifacts.ivyservice.resolveengine.graph.builder.NodeState::computeNodeExclusions (32 bytes)


---------------  P R O C E S S  ---------------

Java Threads: ( => current thread )
  0x00000264cc715000 JavaThread "Cache worker for Build Output Cleanup Cache (F:\Poeticdata_Project@1\varial_app\android\.gradle\buildOutputCleanup)" [_thread_blocked, id=38028, stack(0x0000008463f00000,0x0000008464000000)]
  0x00000264cc710800 JavaThread "pool-4-thread-1" [_thread_blocked, id=40296, stack(0x0000008463e00000,0x0000008463f00000)]
  0x00000264cc712000 JavaThread "Build operations Thread 4" [_thread_blocked, id=39828, stack(0x0000008463d00000,0x0000008463e00000)]
  0x00000264c9cd9000 JavaThread "Build operations Thread 3" [_thread_blocked, id=38816, stack(0x0000008463b00000,0x0000008463c00000)]
  0x00000264c9cd8800 JavaThread "Build operations Thread 2" [_thread_blocked, id=39188, stack(0x0000008463a00000,0x0000008463b00000)]
  0x00000264c9cd7800 JavaThread "Build operations" [_thread_blocked, id=33036, stack(0x0000008463900000,0x0000008463a00000)]
  0x00000264c9cd7000 JavaThread "Cache worker for cache directory md-rule (C:\Users\DGT\.gradle\caches\6.2\md-rule)" [_thread_blocked, id=34940, stack(0x0000008463800000,0x0000008463900000)]
  0x00000264c9cd6000 JavaThread "Cache worker for cache directory md-supplier (C:\Users\DGT\.gradle\caches\6.2\md-supplier)" [_thread_blocked, id=30840, stack(0x0000008463400000,0x0000008463500000)]
  0x00000264c9cd5800 JavaThread "Cache worker for file hash cache (F:\Poeticdata_Project@1\varial_app\android\.gradle\6.2\fileHashes)" [_thread_blocked, id=28804, stack(0x0000008463300000,0x0000008463400000)]
  0x00000264c9cce000 JavaThread "Cache worker for checksums cache (F:\Poeticdata_Project@1\varial_app\android\.gradle\checksums)" [_thread_blocked, id=40760, stack(0x0000008463200000,0x0000008463300000)]
  0x00000264c9cd4800 JavaThread "Thread-79" [_thread_blocked, id=41564, stack(0x0000008463100000,0x0000008463200000)]
  0x00000264c9cd2800 JavaThread "Stdin handler" [_thread_blocked, id=39456, stack(0x0000008463000000,0x0000008463100000)]
  0x00000264c9cd1000 JavaThread "Asynchronous log dispatcher for DefaultDaemonConnection: socket connection from /127.0.0.1:51030 to /127.0.0.1:55353" [_thread_blocked, id=41944, stack(0x0000008462f00000,0x0000008463000000)]
  0x00000264c9cd1800 JavaThread "Daemon worker Thread 4" [_thread_in_native, id=8364, stack(0x0000008462e00000,0x0000008462f00000)]
  0x00000264c9ccd000 JavaThread "Cancel handler" [_thread_blocked, id=37188, stack(0x0000008461b00000,0x0000008461c00000)]
  0x00000264c9cd4000 JavaThread "Handler for socket connection from /127.0.0.1:51030 to /127.0.0.1:55353" [_thread_in_native, id=38600, stack(0x0000008461a00000,0x0000008461b00000)]
  0x00000264c9cd3000 JavaThread "Daemon Thread 4" [_thread_blocked, id=34796, stack(0x0000008461900000,0x0000008461a00000)]
  0x00000264c9cda000 JavaThread "AWT-Windows" daemon [_thread_in_native, id=11900, stack(0x0000008465100000,0x0000008465200000)]
  0x00000264c9cda800 JavaThread "Java2D Disposer" daemon [_thread_blocked, id=7784, stack(0x0000008464f00000,0x0000008465000000)]
  0x00000264c9cdb800 JavaThread "Device List Monitor" [_thread_in_native, id=30852, stack(0x0000008464d00000,0x0000008464e00000)]
  0x00000264c9ccf800 JavaThread "Monitor" [_thread_in_native, id=28780, stack(0x0000008464c00000,0x0000008464d00000)]
  0x00000264c9ccc800 JavaThread "Cache worker for file content cache (C:\Users\DGT\.gradle\caches\6.2\fileContent)" [_thread_blocked, id=32440, stack(0x0000008464500000,0x0000008464600000)]
  0x00000264c9cce800 JavaThread "Memory manager" [_thread_blocked, id=7716, stack(0x0000008464400000,0x0000008464500000)]
  0x00000264c7215800 JavaThread "Cache worker for execution history cache (C:\Users\DGT\.gradle\caches\6.2\executionHistory)" [_thread_blocked, id=7832, stack(0x0000008463c00000,0x0000008463d00000)]
  0x00000264c7213000 JavaThread "Cache worker for file hash cache (C:\Users\DGT\.gradle\caches\6.2\fileHashes)" [_thread_blocked, id=12036, stack(0x0000008463700000,0x0000008463800000)]
  0x00000264c7211000 JavaThread "File lock request listener" [_thread_in_native, id=26964, stack(0x0000008463600000,0x0000008463700000)]
  0x00000264c7216000 JavaThread "Cache worker for journal cache (C:\Users\DGT\.gradle\caches\journal-1)" [_thread_blocked, id=31728, stack(0x0000008463500000,0x0000008463600000)]
  0x00000264c7d52800 JavaThread "Daemon periodic checks" [_thread_blocked, id=30752, stack(0x0000008462d00000,0x0000008462e00000)]
  0x00000264c7d24800 JavaThread "Incoming local TCP Connector on port 51030" [_thread_in_native, id=632, stack(0x0000008462c00000,0x0000008462d00000)]
  0x00000264c7c46000 JavaThread "Daemon health stats" [_thread_blocked, id=8656, stack(0x0000008462b00000,0x0000008462c00000)]
  0x00000264c5374000 JavaThread "Service Thread" daemon [_thread_blocked, id=29580, stack(0x0000008462900000,0x0000008462a00000)]
  0x00000264c5360000 JavaThread "C1 CompilerThread2" daemon [_thread_blocked, id=6380, stack(0x0000008462800000,0x0000008462900000)]
  0x00000264c5307800 JavaThread "C2 CompilerThread1" daemon [_thread_blocked, id=10744, stack(0x0000008462700000,0x0000008462800000)]
=>0x00000264c5305800 JavaThread "C2 CompilerThread0" daemon [_thread_in_native, id=28896, stack(0x0000008462600000,0x0000008462700000)]
  0x00000264c5302800 JavaThread "Attach Listener" daemon [_thread_blocked, id=12100, stack(0x0000008462500000,0x0000008462600000)]
  0x00000264c5301000 JavaThread "Signal Dispatcher" daemon [_thread_blocked, id=32720, stack(0x0000008462400000,0x0000008462500000)]
  0x00000264c4bb9800 JavaThread "Finalizer" daemon [_thread_blocked, id=28744, stack(0x0000008462300000,0x0000008462400000)]
  0x00000264c52e6000 JavaThread "Reference Handler" daemon [_thread_blocked, id=3596, stack(0x0000008462200000,0x0000008462300000)]
  0x00000264b22b6800 JavaThread "main" [_thread_blocked, id=29184, stack(0x0000008461c00000,0x0000008461d00000)]

Other Threads:
  0x00000264c52c3000 VMThread [stack: 0x0000008462100000,0x0000008462200000] [id=24408]
  0x00000264c5369000 WatcherThread [stack: 0x0000008462a00000,0x0000008462b00000] [id=32228]

VM state:not at safepoint (normal execution)

VM Mutex/Monitor currently owned by a thread: None

heap address: 0x00000000e0000000, size: 512 MB, Compressed Oops mode: 32-bit
Narrow klass base: 0x0000000000000000, Narrow klass shift: 3
Compressed class space size: 1073741824 Address: 0x0000000100000000

Heap:
 PSYoungGen      total 143360K, used 44658K [0x00000000f5580000, 0x0000000100000000, 0x0000000100000000)
  eden space 113152K, 37% used [0x00000000f5580000,0x00000000f7e8ca80,0x00000000fc400000)
  from space 30208K, 8% used [0x00000000fe280000,0x00000000fe510000,0x0000000100000000)
  to   space 30720K, 0% used [0x00000000fc400000,0x00000000fc400000,0x00000000fe200000)
 ParOldGen       total 278016K, used 139721K [0x00000000e0000000, 0x00000000f0f80000, 0x00000000f5580000)
  object space 278016K, 50% used [0x00000000e0000000,0x00000000e88725f0,0x00000000f0f80000)
 Metaspace       used 85642K, capacity 91858K, committed 92288K, reserved 1128448K
  class space    used 11511K, capacity 12859K, committed 12928K, reserved 1048576K

Card table byte_map: [0x00000264c2ff0000,0x00000264c3100000] byte_map_base: 0x00000264c28f0000

Marking Bits: (ParMarkBitMap*) 0x0000000068f04fb0
 Begin Bits: [0x00000264c31b0000, 0x00000264c39b0000)
 End Bits:   [0x00000264c39b0000, 0x00000264c41b0000)

Polling page: 0x00000264b3c00000

CodeCache: size=245760Kb used=46986Kb max_used=47106Kb free=198773Kb
 bounds [0x00000264b3c30000, 0x00000264b6a80000, 0x00000264c2c30000]
 total_blobs=14909 nmethods=13989 adapters=828
 compilation: enabled

Compilation events (10 events):
Event: 7906.421 Thread 0x00000264c5360000 nmethod 17112 0x00000264b52b2e90 code [0x00000264b52b2fe0, 0x00000264b52b30d8]
Event: 7906.421 Thread 0x00000264c5360000 17113       1       org.gradle.groovy.scripts.DefaultScriptCompilerFactory::access$100 (5 bytes)
Event: 7906.421 Thread 0x00000264c5360000 nmethod 17113 0x00000264b428a510 code [0x00000264b428a660, 0x00000264b428a758]
Event: 7906.463 Thread 0x00000264c5307800 nmethod 17091 0x00000264b4d0a250 code [0x00000264b4d0a560, 0x00000264b4d0caa8]
Event: 7906.463 Thread 0x00000264c5307800 17094   !   4       sun.reflect.GeneratedMethodAccessor4::invoke (96 bytes)
Event: 7906.477 Thread 0x00000264c5307800 nmethod 17094 0x00000264b4289410 code [0x00000264b42895a0, 0x00000264b4289c08]
Event: 7906.477 Thread 0x00000264c5307800 17096       4       org.gradle.api.internal.tasks.DefaultTaskContainer_Decorated::getInstantiator (39 bytes)
Event: 7906.477 Thread 0x00000264c5307800 nmethod 17096 0x00000264b4dbd410 code [0x00000264b4dbd540, 0x00000264b4dbd5b8]
Event: 7906.477 Thread 0x00000264c5307800 17098       4       java.util.stream.StreamOpFlag::isKnown (19 bytes)
Event: 7906.478 Thread 0x00000264c5307800 nmethod 17098 0x00000264b45a2d90 code [0x00000264b45a2ec0, 0x00000264b45a2f38]

GC Heap History (10 events):
Event: 912.724 GC heap before
{Heap before GC invocations=24 (full 4):
 PSYoungGen      total 144384K, used 2816K [0x00000000f5580000, 0x0000000100000000, 0x0000000100000000)
  eden space 115200K, 0% used [0x00000000f5580000,0x00000000f5580000,0x00000000fc600000)
  from space 29184K, 9% used [0x00000000fe380000,0x00000000fe640000,0x0000000100000000)
  to   space 29696K, 0% used [0x00000000fc600000,0x00000000fc600000,0x00000000fe300000)
 ParOldGen       total 175104K, used 155877K [0x00000000e0000000, 0x00000000eab00000, 0x00000000f5580000)
  object space 175104K, 89% used [0x00000000e0000000,0x00000000e9839668,0x00000000eab00000)
 Metaspace       used 85196K, capacity 91594K, committed 91776K, reserved 1128448K
  class space    used 11531K, capacity 12884K, committed 12928K, reserved 1048576K
Event: 913.319 GC heap after
Heap after GC invocations=24 (full 4):
 PSYoungGen      total 144384K, used 0K [0x00000000f5580000, 0x0000000100000000, 0x0000000100000000)
  eden space 115200K, 0% used [0x00000000f5580000,0x00000000f5580000,0x00000000fc600000)
  from space 29184K, 0% used [0x00000000fe380000,0x00000000fe380000,0x0000000100000000)
  to   space 29696K, 0% used [0x00000000fc600000,0x00000000fc600000,0x00000000fe300000)
 ParOldGen       total 278016K, used 97602K [0x00000000e0000000, 0x00000000f0f80000, 0x00000000f5580000)
  object space 278016K, 35% used [0x00000000e0000000,0x00000000e5f50ac8,0x00000000f0f80000)
 Metaspace       used 84919K, capacity 91028K, committed 91776K, reserved 1128448K
  class space    used 11466K, capacity 12767K, committed 12928K, reserved 1048576K
}
Event: 7314.044 GC heap before
{Heap before GC invocations=25 (full 4):
 PSYoungGen      total 144384K, used 115200K [0x00000000f5580000, 0x0000000100000000, 0x0000000100000000)
  eden space 115200K, 100% used [0x00000000f5580000,0x00000000fc600000,0x00000000fc600000)
  from space 29184K, 0% used [0x00000000fe380000,0x00000000fe380000,0x0000000100000000)
  to   space 29696K, 0% used [0x00000000fc600000,0x00000000fc600000,0x00000000fe300000)
 ParOldGen       total 278016K, used 97602K [0x00000000e0000000, 0x00000000f0f80000, 0x00000000f5580000)
  object space 278016K, 35% used [0x00000000e0000000,0x00000000e5f50ac8,0x00000000f0f80000)
 Metaspace       used 85234K, capacity 91494K, committed 92032K, reserved 1128448K
  class space    used 11501K, capacity 12843K, committed 12928K, reserved 1048576K
Event: 7314.410 GC heap after
Heap after GC invocations=25 (full 4):
 PSYoungGen      total 144896K, used 6573K [0x00000000f5580000, 0x00000000fff80000, 0x0000000100000000)
  eden space 115200K, 0% used [0x00000000f5580000,0x00000000f5580000,0x00000000fc600000)
  from space 29696K, 22% used [0x00000000fc600000,0x00000000fcc6b7a8,0x00000000fe300000)
  to   space 29184K, 0% used [0x00000000fe300000,0x00000000fe300000,0x00000000fff80000)
 ParOldGen       total 278016K, used 97602K [0x00000000e0000000, 0x00000000f0f80000, 0x00000000f5580000)
  object space 278016K, 35% used [0x00000000e0000000,0x00000000e5f50ac8,0x00000000f0f80000)
 Metaspace       used 85234K, capacity 91494K, committed 92032K, reserved 1128448K
  class space    used 11501K, capacity 12843K, committed 12928K, reserved 1048576K
}
Event: 7315.669 GC heap before
{Heap before GC invocations=26 (full 4):
 PSYoungGen      total 144896K, used 121773K [0x00000000f5580000, 0x00000000fff80000, 0x0000000100000000)
  eden space 115200K, 100% used [0x00000000f5580000,0x00000000fc600000,0x00000000fc600000)
  from space 29696K, 22% used [0x00000000fc600000,0x00000000fcc6b7a8,0x00000000fe300000)
  to   space 29184K, 0% used [0x00000000fe300000,0x00000000fe300000,0x00000000fff80000)
 ParOldGen       total 278016K, used 97602K [0x00000000e0000000, 0x00000000f0f80000, 0x00000000f5580000)
  object space 278016K, 35% used [0x00000000e0000000,0x00000000e5f50ac8,0x00000000f0f80000)
 Metaspace       used 85464K, capacity 91728K, committed 92032K, reserved 1128448K
  class space    used 11504K, capacity 12848K, committed 12928K, reserved 1048576K
Event: 7315.843 GC heap after
Heap after GC invocations=26 (full 4):
 PSYoungGen      total 141312K, used 22384K [0x00000000f5580000, 0x0000000100000000, 0x0000000100000000)
  eden space 112128K, 0% used [0x00000000f5580000,0x00000000f5580000,0x00000000fc300000)
  from space 29184K, 76% used [0x00000000fe300000,0x00000000ff8dc010,0x00000000fff80000)
  to   space 31232K, 0% used [0x00000000fc300000,0x00000000fc300000,0x00000000fe180000)
 ParOldGen       total 278016K, used 103569K [0x00000000e0000000, 0x00000000f0f80000, 0x00000000f5580000)
  object space 278016K, 37% used [0x00000000e0000000,0x00000000e6524418,0x00000000f0f80000)
 Metaspace       used 85464K, capacity 91728K, committed 92032K, reserved 1128448K
  class space    used 11504K, capacity 12848K, committed 12928K, reserved 1048576K
}
Event: 7317.166 GC heap before
{Heap before GC invocations=27 (full 4):
 PSYoungGen      total 141312K, used 134512K [0x00000000f5580000, 0x0000000100000000, 0x0000000100000000)
  eden space 112128K, 100% used [0x00000000f5580000,0x00000000fc300000,0x00000000fc300000)
  from space 29184K, 76% used [0x00000000fe300000,0x00000000ff8dc010,0x00000000fff80000)
  to   space 31232K, 0% used [0x00000000fc300000,0x00000000fc300000,0x00000000fe180000)
 ParOldGen       total 278016K, used 103569K [0x00000000e0000000, 0x00000000f0f80000, 0x00000000f5580000)
  object space 278016K, 37% used [0x00000000e0000000,0x00000000e6524418,0x00000000f0f80000)
 Metaspace       used 85537K, capacity 91800K, committed 92288K, reserved 1128448K
  class space    used 11505K, capacity 12850K, committed 12928K, reserved 1048576K
Event: 7317.263 GC heap after
Heap after GC invocations=27 (full 4):
 PSYoungGen      total 143360K, used 16208K [0x00000000f5580000, 0x0000000100000000, 0x0000000100000000)
  eden space 112128K, 0% used [0x00000000f5580000,0x00000000f5580000,0x00000000fc300000)
  from space 31232K, 51% used [0x00000000fc300000,0x00000000fd2d4050,0x00000000fe180000)
  to   space 30208K, 0% used [0x00000000fe280000,0x00000000fe280000,0x0000000100000000)
 ParOldGen       total 278016K, used 124641K [0x00000000e0000000, 0x00000000f0f80000, 0x00000000f5580000)
  object space 278016K, 44% used [0x00000000e0000000,0x00000000e79b85b8,0x00000000f0f80000)
 Metaspace       used 85537K, capacity 91800K, committed 92288K, reserved 1128448K
  class space    used 11505K, capacity 12850K, committed 12928K, reserved 1048576K
}
Event: 7318.535 GC heap before
{Heap before GC invocations=28 (full 4):
 PSYoungGen      total 143360K, used 128336K [0x00000000f5580000, 0x0000000100000000, 0x0000000100000000)
  eden space 112128K, 100% used [0x00000000f5580000,0x00000000fc300000,0x00000000fc300000)
  from space 31232K, 51% used [0x00000000fc300000,0x00000000fd2d4050,0x00000000fe180000)
  to   space 30208K, 0% used [0x00000000fe280000,0x00000000fe280000,0x0000000100000000)
 ParOldGen       total 278016K, used 124641K [0x00000000e0000000, 0x00000000f0f80000, 0x00000000f5580000)
  object space 278016K, 44% used [0x00000000e0000000,0x00000000e79b85b8,0x00000000f0f80000)
 Metaspace       used 85568K, capacity 91804K, committed 92288K, reserved 1128448K
  class space    used 11506K, capacity 12850K, committed 12928K, reserved 1048576K
Event: 7318.612 GC heap after
Heap after GC invocations=28 (full 4):
 PSYoungGen      total 143360K, used 2624K [0x00000000f5580000, 0x0000000100000000, 0x0000000100000000)
  eden space 113152K, 0% used [0x00000000f5580000,0x00000000f5580000,0x00000000fc400000)
  from space 30208K, 8% used [0x00000000fe280000,0x00000000fe510000,0x0000000100000000)
  to   space 30720K, 0% used [0x00000000fc400000,0x00000000fc400000,0x00000000fe200000)
 ParOldGen       total 278016K, used 139721K [0x00000000e0000000, 0x00000000f0f80000, 0x00000000f5580000)
  object space 278016K, 50% used [0x00000000e0000000,0x00000000e88725f0,0x00000000f0f80000)
 Metaspace       used 85568K, capacity 91804K, committed 92288K, reserved 1128448K
  class space    used 11506K, capacity 12850K, committed 12928K, reserved 1048576K
}

Deoptimization events (10 events):
Event: 7317.144 Thread 0x00000264cc71c800 Uncommon trap: reason=unstable_if action=reinterpret pc=0x00000264b40bbc38 method=java.util.concurrent.locks.ReentrantLock$Sync.nonfairTryAcquire(I)Z @ 19
Event: 7317.322 Thread 0x00000264cc71c000 Uncommon trap: reason=unstable_if action=reinterpret pc=0x00000264b3f21e44 method=java.util.concurrent.locks.ReentrantLock$Sync.nonfairTryAcquire(I)Z @ 19
Event: 7317.552 Thread 0x00000264cc718000 Uncommon trap: reason=null_check action=make_not_entrant pc=0x00000264b3f521a8 method=org.gradle.api.internal.tasks.properties.bean.AbstractNestedRuntimeBeanNode$BeanPropertyValue.isConfigurable()Z @ 9
Event: 7318.314 Thread 0x00000264c9ccd000 Uncommon trap: reason=unstable_if action=reinterpret pc=0x00000264b5846678 method=java.util.concurrent.ConcurrentHashMap.get(Ljava/lang/Object;)Ljava/lang/Object; @ 86
Event: 7318.355 Thread 0x00000264cc71b000 Uncommon trap: reason=unstable_if action=reinterpret pc=0x00000264b4bdca9c method=com.google.common.cache.LongAdder.add(J)V @ 95
Event: 7318.791 Thread 0x00000264cc71b000 Uncommon trap: reason=array_check action=maybe_recompile pc=0x00000264b5f7ed0c method=java.util.TimSort.binarySort([Ljava/lang/Object;IIILjava/util/Comparator;)V @ 183
Event: 7322.170 Thread 0x00000264cc716000 Uncommon trap: reason=null_check action=make_not_entrant pc=0x00000264b5eeb974 method=org.gradle.internal.operations.DefaultBuildOperationExecutor.maybeStopUnmanagedThreadOperation()V @ 6
Event: 7841.573 Thread 0x00000264c9cce800 Uncommon trap: reason=unstable_if action=reinterpret pc=0x00000264b60055f4 method=java.text.DecimalFormat.subformat(Ljava/lang/StringBuffer;Ljava/text/Format$FieldDelegate;ZZIIII)Ljava/lang/StringBuffer; @ 814
Event: 7900.196 Thread 0x00000264c9cd1800 Uncommon trap: reason=bimorphic action=maybe_recompile pc=0x00000264b4e51464 method=java.util.stream.ReduceOps$ReduceOp.evaluateSequential(Ljava/util/stream/PipelineHelper;Ljava/util/Spliterator;)Ljava/lang/Object; @ 2
Event: 7906.386 Thread 0x00000264c9cd1800 Uncommon trap: reason=class_check action=maybe_recompile pc=0x00000264b5e28f38 method=java.security.MessageDigest$Delegate.clone()Ljava/lang/Object; @ 4

Classes redefined (0 events):
No events

Internal exceptions (10 events):
Event: 7322.164 Thread 0x00000264cc716000 Exception <a 'sun/nio/fs/WindowsException'> (0x00000000f66a6a98) thrown at [C:\jenkins\workspace\8-2-build-windows-amd64-cygwin\jdk8u261\295\hotspot\src\share\vm\prims\jni.cpp, line 710]
Event: 7322.164 Thread 0x00000264cc716000 Exception <a 'sun/nio/fs/WindowsException'> (0x00000000f66a84f0) thrown at [C:\jenkins\workspace\8-2-build-windows-amd64-cygwin\jdk8u261\295\hotspot\src\share\vm\prims\jni.cpp, line 710]
Event: 7322.165 Thread 0x00000264cc716000 Exception <a 'sun/nio/fs/WindowsException'> (0x00000000f66a9f68) thrown at [C:\jenkins\workspace\8-2-build-windows-amd64-cygwin\jdk8u261\295\hotspot\src\share\vm\prims\jni.cpp, line 710]
Event: 7322.166 Thread 0x00000264cc716000 Exception <a 'sun/nio/fs/WindowsException'> (0x00000000f66ab9c8) thrown at [C:\jenkins\workspace\8-2-build-windows-amd64-cygwin\jdk8u261\295\hotspot\src\share\vm\prims\jni.cpp, line 710]
Event: 7322.167 Thread 0x00000264cc716000 Exception <a 'sun/nio/fs/WindowsException'> (0x00000000f66ad440) thrown at [C:\jenkins\workspace\8-2-build-windows-amd64-cygwin\jdk8u261\295\hotspot\src\share\vm\prims\jni.cpp, line 710]
Event: 7322.167 Thread 0x00000264cc716000 Exception <a 'sun/nio/fs/WindowsException'> (0x00000000f66aee98) thrown at [C:\jenkins\workspace\8-2-build-windows-amd64-cygwin\jdk8u261\295\hotspot\src\share\vm\prims\jni.cpp, line 710]
Event: 7322.168 Thread 0x00000264cc716000 Exception <a 'sun/nio/fs/WindowsException'> (0x00000000f66b0928) thrown at [C:\jenkins\workspace\8-2-build-windows-amd64-cygwin\jdk8u261\295\hotspot\src\share\vm\prims\jni.cpp, line 710]
Event: 7322.168 Thread 0x00000264cc716000 Exception <a 'sun/nio/fs/WindowsException'> (0x00000000f66b2360) thrown at [C:\jenkins\workspace\8-2-build-windows-amd64-cygwin\jdk8u261\295\hotspot\src\share\vm\prims\jni.cpp, line 710]
Event: 7322.169 Thread 0x00000264cc716000 Exception <a 'sun/nio/fs/WindowsException'> (0x00000000f66b3dc0) thrown at [C:\jenkins\workspace\8-2-build-windows-amd64-cygwin\jdk8u261\295\hotspot\src\share\vm\prims\jni.cpp, line 710]
Event: 7906.385 Thread 0x00000264c9cd1800 Exception <a 'sun/nio/fs/WindowsException'> (0x00000000f7cc97a0) thrown at [C:\jenkins\workspace\8-2-build-windows-amd64-cygwin\jdk8u261\295\hotspot\src\share\vm\prims\jni.cpp, line 710]

Events (10 events):
Event: 7906.212 Thread 0x00000264c9cd8800 Thread added: 0x00000264c9cd8800
Event: 7906.212 Thread 0x00000264c9cd9000 Thread added: 0x00000264c9cd9000
Event: 7906.212 Thread 0x00000264cc712000 Thread added: 0x00000264cc712000
Event: 7906.262 Executing VM operation: RevokeBias
Event: 7906.262 Executing VM operation: RevokeBias done
Event: 7906.386 Thread 0x00000264cc710800 Thread added: 0x00000264cc710800
Event: 7906.386 Thread 0x00000264c9cd1800 Uncommon trap: trap_request=0xffffffde fr.pc=0x00000264b5e28f38
Event: 7906.386 Thread 0x00000264c9cd1800 DEOPT PACKING pc=0x00000264b5e28f38 sp=0x0000008462efaac0
Event: 7906.386 Thread 0x00000264c9cd1800 DEOPT UNPACKING pc=0x00000264b3c75843 sp=0x0000008462efaa98 mode 2
Event: 7906.389 Thread 0x00000264cc715000 Thread added: 0x00000264cc715000


Dynamic libraries:
0x00007ff6bd3d0000 - 0x00007ff6bd417000 	C:\Program Files\Java\jdk1.8.0_261\bin\java.exe
0x00007ffcf0bc0000 - 0x00007ffcf0db0000 	C:\Windows\SYSTEM32\ntdll.dll
0x00007ffcef8d0000 - 0x00007ffcef982000 	C:\Windows\System32\KERNEL32.DLL
0x00007ffcee770000 - 0x00007ffceea15000 	C:\Windows\System32\KERNELBASE.dll
0x00007ffcf0350000 - 0x00007ffcf03f3000 	C:\Windows\System32\ADVAPI32.dll
0x00007ffcef7c0000 - 0x00007ffcef85e000 	C:\Windows\System32\msvcrt.dll
0x00007ffcf0250000 - 0x00007ffcf02e7000 	C:\Windows\System32\sechost.dll
0x00007ffcf09c0000 - 0x00007ffcf0adf000 	C:\Windows\System32\RPCRT4.dll
0x00007ffcf0610000 - 0x00007ffcf07a4000 	C:\Windows\System32\USER32.dll
0x00007ffcee370000 - 0x00007ffcee391000 	C:\Windows\System32\win32u.dll
0x00007ffcf0220000 - 0x00007ffcf0246000 	C:\Windows\System32\GDI32.dll
0x00007ffcee5d0000 - 0x00007ffcee768000 	C:\Windows\System32\gdi32full.dll
0x00007ffcee530000 - 0x00007ffcee5ce000 	C:\Windows\System32\msvcp_win.dll
0x00007ffcee400000 - 0x00007ffcee4fa000 	C:\Windows\System32\ucrtbase.dll
0x00007ffce1a20000 - 0x00007ffce1ca4000 	C:\Windows\WinSxS\amd64_microsoft.windows.common-controls_6595b64144ccf1df_6.0.18362.1379_none_9e7ff3b3e45cc0c4\COMCTL32.dll
0x00007ffceec70000 - 0x00007ffceefa7000 	C:\Windows\System32\combase.dll
0x00007ffceebc0000 - 0x00007ffceec41000 	C:\Windows\System32\bcryptPrimitives.dll
0x00007ffcf07c0000 - 0x00007ffcf07ee000 	C:\Windows\System32\IMM32.DLL
0x00007ffcba3c0000 - 0x00007ffcba3d5000 	C:\Program Files\Java\jdk1.8.0_261\jre\bin\vcruntime140.dll
0x00007ffc93ed0000 - 0x00007ffc93f6b000 	C:\Program Files\Java\jdk1.8.0_261\jre\bin\msvcp140.dll
0x0000000068710000 - 0x0000000068f7c000 	C:\Program Files\Java\jdk1.8.0_261\jre\bin\server\jvm.dll
0x00007ffcf09b0000 - 0x00007ffcf09b8000 	C:\Windows\System32\PSAPI.DLL
0x00007ffcb8340000 - 0x00007ffcb8349000 	C:\Windows\SYSTEM32\WSOCK32.dll
0x00007ffcefac0000 - 0x00007ffcefb2f000 	C:\Windows\System32\WS2_32.dll
0x00007ffceb430000 - 0x00007ffceb454000 	C:\Windows\SYSTEM32\WINMM.dll
0x00007ffce1dc0000 - 0x00007ffce1dca000 	C:\Windows\SYSTEM32\VERSION.dll
0x00007ffceb400000 - 0x00007ffceb42d000 	C:\Windows\SYSTEM32\WINMMBASE.dll
0x00007ffceeb70000 - 0x00007ffceebba000 	C:\Windows\System32\cfgmgr32.dll
0x00007ffceda80000 - 0x00007ffceda91000 	C:\Windows\System32\kernel.appcore.dll
0x00007ffcb6680000 - 0x00007ffcb6690000 	C:\Program Files\Java\jdk1.8.0_261\jre\bin\verify.dll
0x00007ffcadc40000 - 0x00007ffcadc6b000 	C:\Program Files\Java\jdk1.8.0_261\jre\bin\java.dll
0x00007ffcb5f00000 - 0x00007ffcb5f18000 	C:\Program Files\Java\jdk1.8.0_261\jre\bin\zip.dll
0x00007ffcefb30000 - 0x00007ffcf0218000 	C:\Windows\System32\SHELL32.dll
0x00007ffcef990000 - 0x00007ffcefa37000 	C:\Windows\System32\shcore.dll
0x00007ffcedb40000 - 0x00007ffcee2bb000 	C:\Windows\System32\windows.storage.dll
0x00007ffcedaa0000 - 0x00007ffcedac3000 	C:\Windows\System32\profapi.dll
0x00007ffcedaf0000 - 0x00007ffcedb3a000 	C:\Windows\System32\powrprof.dll
0x00007ffceda70000 - 0x00007ffceda80000 	C:\Windows\System32\UMPDC.dll
0x00007ffcef600000 - 0x00007ffcef652000 	C:\Windows\System32\shlwapi.dll
0x00007ffceec50000 - 0x00007ffceec67000 	C:\Windows\System32\cryptsp.dll
0x00007ffcb0230000 - 0x00007ffcb024c000 	C:\Program Files\Java\jdk1.8.0_261\jre\bin\net.dll
0x00007ffced250000 - 0x00007ffced2b7000 	C:\Windows\system32\mswsock.dll
0x00007ffcae750000 - 0x00007ffcae763000 	C:\Program Files\Java\jdk1.8.0_261\jre\bin\nio.dll
0x00007ffcad410000 - 0x00007ffcad43a000 	C:\Users\DGT\.gradle\native\36\windows-amd64\native-platform.dll
0x00007ffcb0040000 - 0x00007ffcb004d000 	C:\Program Files\Java\jdk1.8.0_261\jre\bin\management.dll
0x00007ffcecdd0000 - 0x00007ffcece03000 	C:\Windows\system32\rsaenh.dll
0x00007ffcee500000 - 0x00007ffcee526000 	C:\Windows\System32\bcrypt.dll
0x00007ffced990000 - 0x00007ffced9b5000 	C:\Windows\SYSTEM32\USERENV.dll
0x00007ffced420000 - 0x00007ffced42c000 	C:\Windows\SYSTEM32\CRYPTBASE.dll
0x00007ffcecf60000 - 0x00007ffcecf9a000 	C:\Windows\SYSTEM32\IPHLPAPI.DLL
0x00007ffcf07f0000 - 0x00007ffcf07f8000 	C:\Windows\System32\NSI.dll
0x00007ffce6950000 - 0x00007ffce6966000 	C:\Windows\SYSTEM32\dhcpcsvc6.DLL
0x00007ffce6bc0000 - 0x00007ffce6bdc000 	C:\Windows\SYSTEM32\dhcpcsvc.DLL
0x00007ffcecfa0000 - 0x00007ffced06b000 	C:\Windows\SYSTEM32\DNSAPI.dll
0x00007ffceb5e0000 - 0x00007ffceb604000 	C:\Program Files\Java\jdk1.8.0_261\jre\bin\sunec.dll
0x00007ffce48d0000 - 0x00007ffce48da000 	C:\Windows\System32\rasadhlp.dll
0x00007ffce5d10000 - 0x00007ffce5d87000 	C:\Windows\System32\fwpuclnt.dll
0x00007ffce9cc0000 - 0x00007ffce9ccd000 	C:\Program Files\Java\jdk1.8.0_261\jre\bin\sunmscapi.dll
0x00007ffceea20000 - 0x00007ffceeb6a000 	C:\Windows\System32\CRYPT32.dll
0x00007ffcedad0000 - 0x00007ffcedae2000 	C:\Windows\System32\MSASN1.dll
0x00007ffced520000 - 0x00007ffced546000 	C:\Windows\SYSTEM32\ncrypt.dll
0x00007ffced4e0000 - 0x00007ffced51b000 	C:\Windows\SYSTEM32\NTASN1.dll
0x00007ffcc8210000 - 0x00007ffcc83a4000 	C:\Program Files\Java\jdk1.8.0_261\jre\bin\awt.dll
0x00007ffcf0540000 - 0x00007ffcf0605000 	C:\Windows\System32\OLEAUT32.dll
0x00007ffceb640000 - 0x00007ffceb6cf000 	C:\Windows\SYSTEM32\apphelp.dll
0x00007ffceb800000 - 0x00007ffceb899000 	C:\Windows\system32\uxtheme.dll
0x00007ffcf0400000 - 0x00007ffcf0535000 	C:\Windows\System32\MSCTF.dll
0x00007ffcef660000 - 0x00007ffcef7b7000 	C:\Windows\System32\ole32.dll
0x00007ffcec370000 - 0x00007ffcec564000 	C:\Windows\SYSTEM32\dbghelp.dll

VM Arguments:
jvm_args: -XX:MaxMetaspaceSize=256m -XX:+HeapDumpOnOutOfMemoryError -Xms256m -Xmx512m -Dfile.encoding=windows-1252 -Duser.country=US -Duser.language=en -Duser.variant 
java_command: org.gradle.launcher.daemon.bootstrap.GradleDaemon 6.2
java_class_path (initial): C:\Users\DGT\.gradle\wrapper\dists\gradle-6.2-all\dvufqs6kielxeao781pmk5huj\gradle-6.2\lib\gradle-launcher-6.2.jar
Launcher Type: SUN_STANDARD

Environment Variables:
JAVA_HOME=C:\Program Files\Java\jdk1.8.0_261
CLASSPATH=F:\Poeticdata_Project@1\varial_app\android\\gradle\wrapper\gradle-wrapper.jar
PATH=F:\Poeticdata_Project@1\varial_app\android\node_modules\.bin;F:\Poeticdata_Project@1\varial_app\node_modules\.bin;F:\Poeticdata_Project@1\node_modules\.bin;F:\node_modules\.bin;C:\Program Files\nodejs;C:\Program Files (x86)\Common Files\Oracle\Java\javapath;C:\Python38\Scripts\;C:\Python38\;C:\Windows\system32;C:\Windows;C:\Windows\System32\Wbem;C:\Windows\System32\WindowsPowerShell\v1.0\;C:\Windows\System32\OpenSSH\;C:\Program Files\Git\cmd;C:\Program Files\nodejs\;C:\ProgramData\chocolatey\bin;C:\Program Files\Java\jdk1.8.0_261\bin;C:\Program Files\Android\Android Studio\gradle\gradle-X.X\;C:\Program Files\MongoDB\Server\4.0\bin;C:\Users\DGT\AppData\Local\Android\Sdk\emulator;C:\Program Files\dotnet\;C:\Program Files\Azure Data Studio\bin;C:\Program Files\Microsoft SQL Server\Client SDK\ODBC\170\Tools\Binn\;C:\Program Files (x86)\Microsoft SQL Server\150\Tools\Binn\;C:\Program Files\Microsoft SQL Server\150\Tools\Binn\;C:\Program Files\Microsoft SQL Server\150\DTS\Binn\;C:\Program Files (x86)\Microsoft SQL Server\150\DTS\Binn\;C:\Program Files\Microsoft SQL Server\130\Tools\Binn\;C:\Users\DGT\AppData\Local\Microsoft\WindowsApps;C:\Users\DGT\AppData\Roaming\npm;C:\Users\DGT\Program Files\node.js\;C:\Users\DGT\AppData\Local\Android\Sdk;C:\Users\DGT\AppData\Local\Programs\Microsoft VS Code Insiders\bin;C:\Users\DGT\AppData\Local\Programs\Microsoft VS Code\bin;C:\Users\DGT\.dotnet\tools;C:\Program Files\Azure Data Studio\bin
USERNAME=DGT
OS=Windows_NT
PROCESSOR_IDENTIFIER=Intel64 Family 6 Model 142 Stepping 10, GenuineIntel



---------------  S Y S T E M  ---------------

OS: Windows 10.0 , 64 bit Build 18362 (10.0.18362.1350)

CPU:total 4 (initial active 4) (2 cores per cpu, 2 threads per core) family 6 model 142 stepping 10, cmov, cx8, fxsr, mmx, sse, sse2, sse3, ssse3, sse4.1, sse4.2, popcnt, avx, avx2, aes, clmul, erms, 3dnowpref, lzcnt, ht, tsc, tscinvbit, bmi1, bmi2, adx

Memory: 4k page, physical 11811356k(598776k free), swap 13859356k(3304k free)

vm_info: Java HotSpot(TM) 64-Bit Server VM (25.261-b12) for windows-amd64 JRE (1.8.0_261-b12), built on Jun 18 2020 06:56:32 by "" with unknown MS VC++:1916

time: Thu Feb 25 11:26:37 2021
timezone: India Standard Time
elapsed time: 7906 seconds (0d 2h 11m 46s)

