#
# There is insufficient memory for the Java Runtime Environment to continue.
# Native memory allocation (malloc) failed to allocate 565136 bytes for Chunk::new
# Possible reasons:
#   The system is out of physical RAM or swap space
#   The process is running with CompressedOops enabled, and the Java Heap may be blocking the growth of the native heap
# Possible solutions:
#   Reduce memory load on the system
#   Increase physical memory or swap space
#   Check if swap backing store is full
#   Decrease Java heap size (-Xmx/-Xms)
#   Decrease number of Java threads
#   Decrease Java thread stack sizes (-Xss)
#   Set larger code cache with -XX:ReservedCodeCacheSize=
#   JVM is running with Unscaled Compressed Oops mode in which the Java heap is
#     placed in the first 4GB address space. The Java Heap base address is the
#     maximum limit for the native heap growth. Please use -XX:HeapBaseMinAddress
#     to set the Java Heap base and to place the Java Heap above 4GB virtual address.
# This output file may be truncated or incomplete.
#
#  Out of Memory Error (allocation.cpp:389), pid=27316, tid=0x0000000000005fdc
#
# JRE version: Java(TM) SE Runtime Environment (8.0_261-b12) (build 1.8.0_261-b12)
# Java VM: Java HotSpot(TM) 64-Bit Server VM (25.261-b12 mixed mode windows-amd64 compressed oops)
# Failed to write core dump. Minidumps are not enabled by default on client versions of Windows
#

---------------  T H R E A D  ---------------

Current thread (0x0000024c63196800):  JavaThread "C2 CompilerThread0" daemon [_thread_in_native, id=24540, stack(0x0000004f3c400000,0x0000004f3c500000)]

Stack: [0x0000004f3c400000,0x0000004f3c500000]
Native frames: (J=compiled Java code, j=interpreted, Vv=VM code, C=native code)
V  [jvm.dll+0x33e5f9]
V  [jvm.dll+0x2850e2]
V  [jvm.dll+0x285d8d]
V  [jvm.dll+0x27c895]
V  [jvm.dll+0xe4d6c]
V  [jvm.dll+0xe556c]
V  [jvm.dll+0x47ece3]
V  [jvm.dll+0x44661e]
V  [jvm.dll+0x44f8f5]
V  [jvm.dll+0x44ecb5]
V  [jvm.dll+0x439bc7]
V  [jvm.dll+0xbbbcb]
V  [jvm.dll+0xba22b]
V  [jvm.dll+0x24d962]
V  [jvm.dll+0x2a1cfc]
C  [ucrtbase.dll+0x210b2]
C  [KERNEL32.DLL+0x17c24]
C  [ntdll.dll+0x6d721]


Current CompileTask:
C2:  20023 6457       4       java.lang.Class::privateGetPublicMethods (267 bytes)


---------------  P R O C E S S  ---------------

Java Threads: ( => current thread )
  0x0000024c66672000 JavaThread "Memory manager" [_thread_blocked, id=24088, stack(0x0000004f3e100000,0x0000004f3e200000)]
  0x0000024c6666b800 JavaThread "Cache worker for Build Output Cleanup Cache (F:\Poeticdata_Project@1\varial_app\android\.gradle\buildOutputCleanup)" [_thread_blocked, id=16180, stack(0x0000004f3e000000,0x0000004f3e100000)]
  0x0000024c6666c000 JavaThread "pool-1-thread-1" [_thread_blocked, id=26860, stack(0x0000004f3df00000,0x0000004f3e000000)]
  0x0000024c6666e800 JavaThread "Build operations Thread 4" [_thread_blocked, id=22852, stack(0x0000004f3de00000,0x0000004f3df00000)]
  0x0000024c6666f000 JavaThread "Build operations Thread 3" [_thread_blocked, id=27328, stack(0x0000004f3dd00000,0x0000004f3de00000)]
  0x0000024c6666a800 JavaThread "Build operations Thread 2" [_thread_blocked, id=27540, stack(0x0000004f3dc00000,0x0000004f3dd00000)]
  0x0000024c66671800 JavaThread "Build operations" [_thread_blocked, id=11792, stack(0x0000004f3db00000,0x0000004f3dc00000)]
  0x0000024c66016000 JavaThread "Cache worker for execution history cache (C:\Users\DGT\.gradle\caches\6.2\executionHistory)" [_thread_blocked, id=27020, stack(0x0000004f3da00000,0x0000004f3db00000)]
  0x0000024c66010000 JavaThread "Cache worker for cache directory md-rule (C:\Users\DGT\.gradle\caches\6.2\md-rule)" [_thread_blocked, id=16408, stack(0x0000004f3d900000,0x0000004f3da00000)]
  0x0000024c66013000 JavaThread "Cache worker for cache directory md-supplier (C:\Users\DGT\.gradle\caches\6.2\md-supplier)" [_thread_blocked, id=10184, stack(0x0000004f3d800000,0x0000004f3d900000)]
  0x0000024c66014800 JavaThread "Cache worker for file hash cache (F:\Poeticdata_Project@1\varial_app\android\.gradle\6.2\fileHashes)" [_thread_blocked, id=23760, stack(0x0000004f3d700000,0x0000004f3d800000)]
  0x0000024c66013800 JavaThread "Cache worker for checksums cache (F:\Poeticdata_Project@1\varial_app\android\.gradle\checksums)" [_thread_blocked, id=25304, stack(0x0000004f3d600000,0x0000004f3d700000)]
  0x0000024c66012000 JavaThread "Cache worker for file hash cache (C:\Users\DGT\.gradle\caches\6.2\fileHashes)" [_thread_blocked, id=25244, stack(0x0000004f3d500000,0x0000004f3d600000)]
  0x0000024c66011800 JavaThread "File lock request listener" [_thread_in_native, id=7088, stack(0x0000004f3d400000,0x0000004f3d500000)]
  0x0000024c6600f000 JavaThread "Cache worker for journal cache (C:\Users\DGT\.gradle\caches\journal-1)" [_thread_blocked, id=11140, stack(0x0000004f3d300000,0x0000004f3d400000)]
  0x0000024c65fc9000 JavaThread "Thread-9" [_thread_blocked, id=23728, stack(0x0000004f3d200000,0x0000004f3d300000)]
  0x0000024c65fc6000 JavaThread "Stdin handler" [_thread_blocked, id=19848, stack(0x0000004f3d100000,0x0000004f3d200000)]
  0x0000024c65f5c800 JavaThread "Asynchronous log dispatcher for DefaultDaemonConnection: socket connection from /127.0.0.1:55754 to /127.0.0.1:55755" [_thread_blocked, id=7544, stack(0x0000004f3d000000,0x0000004f3d100000)]
  0x0000024c65f5d800 JavaThread "Daemon worker" [_thread_in_vm, id=19408, stack(0x0000004f3cf00000,0x0000004f3d000000)]
  0x0000024c65f4d800 JavaThread "Cancel handler" [_thread_blocked, id=12840, stack(0x0000004f3ce00000,0x0000004f3cf00000)]
  0x0000024c65f37000 JavaThread "Handler for socket connection from /127.0.0.1:55754 to /127.0.0.1:55755" [_thread_in_native, id=17544, stack(0x0000004f3cd00000,0x0000004f3ce00000)]
  0x0000024c65e7c800 JavaThread "Daemon" [_thread_blocked, id=10668, stack(0x0000004f3cc00000,0x0000004f3cd00000)]
  0x0000024c65e7a000 JavaThread "Daemon periodic checks" [_thread_blocked, id=21764, stack(0x0000004f3cb00000,0x0000004f3cc00000)]
  0x0000024c65e79800 JavaThread "Incoming local TCP Connector on port 55754" [_thread_in_native, id=4864, stack(0x0000004f3ca00000,0x0000004f3cb00000)]
  0x0000024c65e2f800 JavaThread "Daemon health stats" [_thread_blocked, id=24084, stack(0x0000004f3c900000,0x0000004f3ca00000)]
  0x0000024c6321a800 JavaThread "Service Thread" daemon [_thread_blocked, id=21112, stack(0x0000004f3c700000,0x0000004f3c800000)]
  0x0000024c631a3800 JavaThread "C1 CompilerThread2" daemon [_thread_blocked, id=23940, stack(0x0000004f3c600000,0x0000004f3c700000)]
  0x0000024c6319c000 JavaThread "C2 CompilerThread1" daemon [_thread_in_native, id=23900, stack(0x0000004f3c500000,0x0000004f3c600000)]
=>0x0000024c63196800 JavaThread "C2 CompilerThread0" daemon [_thread_in_native, id=24540, stack(0x0000004f3c400000,0x0000004f3c500000)]
  0x0000024c63191800 JavaThread "Attach Listener" daemon [_thread_blocked, id=14224, stack(0x0000004f3c300000,0x0000004f3c400000)]
  0x0000024c63190800 JavaThread "Signal Dispatcher" daemon [_thread_blocked, id=16068, stack(0x0000004f3c200000,0x0000004f3c300000)]
  0x0000024c62a4a800 JavaThread "Finalizer" daemon [_thread_blocked, id=26840, stack(0x0000004f3c100000,0x0000004f3c200000)]
  0x0000024c63174800 JavaThread "Reference Handler" daemon [_thread_blocked, id=16528, stack(0x0000004f3c000000,0x0000004f3c100000)]
  0x0000024c501f6800 JavaThread "main" [_thread_blocked, id=24128, stack(0x0000004f3ba00000,0x0000004f3bb00000)]

Other Threads:
  0x0000024c63153000 VMThread [stack: 0x0000004f3bf00000,0x0000004f3c000000] [id=7280]
  0x0000024c631d3800 WatcherThread [stack: 0x0000004f3c800000,0x0000004f3c900000] [id=19740]

VM state:not at safepoint (normal execution)

VM Mutex/Monitor currently owned by a thread: None

heap address: 0x00000000e0000000, size: 512 MB, Compressed Oops mode: 32-bit
Narrow klass base: 0x0000000000000000, Narrow klass shift: 3
Compressed class space size: 1073741824 Address: 0x0000000100000000

Heap:
 PSYoungGen      total 145920K, used 110515K [0x00000000f5580000, 0x0000000100000000, 0x0000000100000000)
  eden space 131584K, 83% used [0x00000000f5580000,0x00000000fc16cc80,0x00000000fd600000)
  from space 14336K, 0% used [0x00000000ff200000,0x00000000ff200000,0x0000000100000000)
  to   space 21504K, 0% used [0x00000000fd600000,0x00000000fd600000,0x00000000feb00000)
 ParOldGen       total 207360K, used 36674K [0x00000000e0000000, 0x00000000eca80000, 0x00000000f5580000)
  object space 207360K, 17% used [0x00000000e0000000,0x00000000e23d0938,0x00000000eca80000)
 Metaspace       used 60970K, capacity 64268K, committed 64512K, reserved 1103872K
  class space    used 8540K, capacity 9358K, committed 9472K, reserved 1048576K

Card table byte_map: [0x0000024c60f40000,0x0000024c61050000] byte_map_base: 0x0000024c60840000

Marking Bits: (ParMarkBitMap*) 0x000000006b084fb0
 Begin Bits: [0x0000024c61050000, 0x0000024c61850000)
 End Bits:   [0x0000024c61850000, 0x0000024c62050000)

Polling page: 0x0000024c502c0000

CodeCache: size=245760Kb used=21182Kb max_used=21182Kb free=224577Kb
 bounds [0x0000024c51b80000, 0x0000024c53050000, 0x0000024c60b80000]
 total_blobs=7140 nmethods=6338 adapters=713
 compilation: enabled

Compilation events (10 events):
Event: 19.962 Thread 0x0000024c631a3800 6973       3       sun.misc.ProxyGenerator$ProxyMethod::codeFieldInitialization (241 bytes)
Event: 19.966 Thread 0x0000024c631a3800 nmethod 6973 0x0000024c53033890 code [0x0000024c530340a0, 0x0000024c53038f60]
Event: 19.966 Thread 0x0000024c631a3800 6971       3       sun.misc.ProxyGenerator$ProxyMethod::access$100 (5 bytes)
Event: 19.966 Thread 0x0000024c631a3800 nmethod 6971 0x0000024c53028d10 code [0x0000024c53028e80, 0x0000024c53028ff0]
Event: 19.966 Thread 0x0000024c631a3800 6972       3       sun.misc.ProxyGenerator$ProxyMethod::access$1900 (6 bytes)
Event: 19.966 Thread 0x0000024c631a3800 nmethod 6972 0x0000024c53028950 code [0x0000024c53028ac0, 0x0000024c53028c30]
Event: 19.966 Thread 0x0000024c631a3800 6974       3       sun.misc.ProxyGenerator::access$1800 (7 bytes)
Event: 19.966 Thread 0x0000024c631a3800 nmethod 6974 0x0000024c53028590 code [0x0000024c53028700, 0x0000024c53028870]
Event: 19.966 Thread 0x0000024c631a3800 6975       3       sun.misc.ProxyGenerator$FieldInfo::write (50 bytes)
Event: 19.967 Thread 0x0000024c631a3800 nmethod 6975 0x0000024c5303cc50 code [0x0000024c5303cee0, 0x0000024c5303e080]

GC Heap History (10 events):
Event: 9.173 GC heap before
{Heap before GC invocations=9 (full 2):
 PSYoungGen      total 116736K, used 10684K [0x00000000f5580000, 0x0000000100000000, 0x0000000100000000)
  eden space 103936K, 0% used [0x00000000f5580000,0x00000000f5580000,0x00000000fbb00000)
  from space 12800K, 83% used [0x00000000fbb00000,0x00000000fc56f1b0,0x00000000fc780000)
  to   space 13312K, 0% used [0x00000000ff300000,0x00000000ff300000,0x0000000100000000)
 ParOldGen       total 175104K, used 6904K [0x00000000e0000000, 0x00000000eab00000, 0x00000000f5580000)
  object space 175104K, 3% used [0x00000000e0000000,0x00000000e06be0d0,0x00000000eab00000)
 Metaspace       used 34313K, capacity 35352K, committed 35496K, reserved 1079296K
  class space    used 4828K, capacity 5129K, committed 5248K, reserved 1048576K
Event: 9.259 GC heap after
Heap after GC invocations=9 (full 2):
 PSYoungGen      total 116736K, used 0K [0x00000000f5580000, 0x0000000100000000, 0x0000000100000000)
  eden space 103936K, 0% used [0x00000000f5580000,0x00000000f5580000,0x00000000fbb00000)
  from space 12800K, 0% used [0x00000000fbb00000,0x00000000fbb00000,0x00000000fc780000)
  to   space 13312K, 0% used [0x00000000ff300000,0x00000000ff300000,0x0000000100000000)
 ParOldGen       total 175104K, used 16953K [0x00000000e0000000, 0x00000000eab00000, 0x00000000f5580000)
  object space 175104K, 9% used [0x00000000e0000000,0x00000000e108e678,0x00000000eab00000)
 Metaspace       used 34313K, capacity 35352K, committed 35496K, reserved 1079296K
  class space    used 4828K, capacity 5129K, committed 5248K, reserved 1048576K
}
Event: 11.366 GC heap before
{Heap before GC invocations=10 (full 2):
 PSYoungGen      total 116736K, used 103936K [0x00000000f5580000, 0x0000000100000000, 0x0000000100000000)
  eden space 103936K, 100% used [0x00000000f5580000,0x00000000fbb00000,0x00000000fbb00000)
  from space 12800K, 0% used [0x00000000fbb00000,0x00000000fbb00000,0x00000000fc780000)
  to   space 13312K, 0% used [0x00000000ff300000,0x00000000ff300000,0x0000000100000000)
 ParOldGen       total 175104K, used 16953K [0x00000000e0000000, 0x00000000eab00000, 0x00000000f5580000)
  object space 175104K, 9% used [0x00000000e0000000,0x00000000e108e678,0x00000000eab00000)
 Metaspace       used 44104K, capacity 45786K, committed 45952K, reserved 1089536K
  class space    used 6095K, capacity 6518K, committed 6528K, reserved 1048576K
Event: 11.379 GC heap after
Heap after GC invocations=10 (full 2):
 PSYoungGen      total 159232K, used 12250K [0x00000000f5580000, 0x0000000100000000, 0x0000000100000000)
  eden space 145920K, 0% used [0x00000000f5580000,0x00000000f5580000,0x00000000fe400000)
  from space 13312K, 92% used [0x00000000ff300000,0x00000000ffef6ac8,0x0000000100000000)
  to   space 14336K, 0% used [0x00000000fe400000,0x00000000fe400000,0x00000000ff200000)
 ParOldGen       total 175104K, used 16961K [0x00000000e0000000, 0x00000000eab00000, 0x00000000f5580000)
  object space 175104K, 9% used [0x00000000e0000000,0x00000000e1090678,0x00000000eab00000)
 Metaspace       used 44104K, capacity 45786K, committed 45952K, reserved 1089536K
  class space    used 6095K, capacity 6518K, committed 6528K, reserved 1048576K
}
Event: 15.568 GC heap before
{Heap before GC invocations=11 (full 2):
 PSYoungGen      total 159232K, used 158170K [0x00000000f5580000, 0x0000000100000000, 0x0000000100000000)
  eden space 145920K, 100% used [0x00000000f5580000,0x00000000fe400000,0x00000000fe400000)
  from space 13312K, 92% used [0x00000000ff300000,0x00000000ffef6ac8,0x0000000100000000)
  to   space 14336K, 0% used [0x00000000fe400000,0x00000000fe400000,0x00000000ff200000)
 ParOldGen       total 175104K, used 16961K [0x00000000e0000000, 0x00000000eab00000, 0x00000000f5580000)
  object space 175104K, 9% used [0x00000000e0000000,0x00000000e1090678,0x00000000eab00000)
 Metaspace       used 52151K, capacity 54416K, committed 54656K, reserved 1095680K
  class space    used 7234K, capacity 7792K, committed 7808K, reserved 1048576K
Event: 15.592 GC heap after
Heap after GC invocations=11 (full 2):
 PSYoungGen      total 160256K, used 14332K [0x00000000f5580000, 0x0000000100000000, 0x0000000100000000)
  eden space 145920K, 0% used [0x00000000f5580000,0x00000000f5580000,0x00000000fe400000)
  from space 14336K, 99% used [0x00000000fe400000,0x00000000ff1ff280,0x00000000ff200000)
  to   space 14336K, 0% used [0x00000000ff200000,0x00000000ff200000,0x0000000100000000)
 ParOldGen       total 175104K, used 24038K [0x00000000e0000000, 0x00000000eab00000, 0x00000000f5580000)
  object space 175104K, 13% used [0x00000000e0000000,0x00000000e1779bf0,0x00000000eab00000)
 Metaspace       used 52151K, capacity 54416K, committed 54656K, reserved 1095680K
  class space    used 7234K, capacity 7792K, committed 7808K, reserved 1048576K
}
Event: 17.115 GC heap before
{Heap before GC invocations=12 (full 2):
 PSYoungGen      total 160256K, used 90179K [0x00000000f5580000, 0x0000000100000000, 0x0000000100000000)
  eden space 145920K, 51% used [0x00000000f5580000,0x00000000f9f91b98,0x00000000fe400000)
  from space 14336K, 99% used [0x00000000fe400000,0x00000000ff1ff280,0x00000000ff200000)
  to   space 14336K, 0% used [0x00000000ff200000,0x00000000ff200000,0x0000000100000000)
 ParOldGen       total 175104K, used 24038K [0x00000000e0000000, 0x00000000eab00000, 0x00000000f5580000)
  object space 175104K, 13% used [0x00000000e0000000,0x00000000e1779bf0,0x00000000eab00000)
 Metaspace       used 56733K, capacity 59050K, committed 59160K, reserved 1099776K
  class space    used 7908K, capacity 8513K, committed 8576K, reserved 1048576K
Event: 17.147 GC heap after
Heap after GC invocations=12 (full 2):
 PSYoungGen      total 145920K, used 14324K [0x00000000f5580000, 0x0000000100000000, 0x0000000100000000)
  eden space 131584K, 0% used [0x00000000f5580000,0x00000000f5580000,0x00000000fd600000)
  from space 14336K, 99% used [0x00000000ff200000,0x00000000ffffd2f0,0x0000000100000000)
  to   space 21504K, 0% used [0x00000000fd600000,0x00000000fd600000,0x00000000feb00000)
 ParOldGen       total 175104K, used 31259K [0x00000000e0000000, 0x00000000eab00000, 0x00000000f5580000)
  object space 175104K, 17% used [0x00000000e0000000,0x00000000e1e86e48,0x00000000eab00000)
 Metaspace       used 56733K, capacity 59050K, committed 59160K, reserved 1099776K
  class space    used 7908K, capacity 8513K, committed 8576K, reserved 1048576K
}
Event: 17.147 GC heap before
{Heap before GC invocations=13 (full 3):
 PSYoungGen      total 145920K, used 14324K [0x00000000f5580000, 0x0000000100000000, 0x0000000100000000)
  eden space 131584K, 0% used [0x00000000f5580000,0x00000000f5580000,0x00000000fd600000)
  from space 14336K, 99% used [0x00000000ff200000,0x00000000ffffd2f0,0x0000000100000000)
  to   space 21504K, 0% used [0x00000000fd600000,0x00000000fd600000,0x00000000feb00000)
 ParOldGen       total 175104K, used 31259K [0x00000000e0000000, 0x00000000eab00000, 0x00000000f5580000)
  object space 175104K, 17% used [0x00000000e0000000,0x00000000e1e86e48,0x00000000eab00000)
 Metaspace       used 56733K, capacity 59050K, committed 59160K, reserved 1099776K
  class space    used 7908K, capacity 8513K, committed 8576K, reserved 1048576K
Event: 17.497 GC heap after
Heap after GC invocations=13 (full 3):
 PSYoungGen      total 145920K, used 0K [0x00000000f5580000, 0x0000000100000000, 0x0000000100000000)
  eden space 131584K, 0% used [0x00000000f5580000,0x00000000f5580000,0x00000000fd600000)
  from space 14336K, 0% used [0x00000000ff200000,0x00000000ff200000,0x0000000100000000)
  to   space 21504K, 0% used [0x00000000fd600000,0x00000000fd600000,0x00000000feb00000)
 ParOldGen       total 207360K, used 36674K [0x00000000e0000000, 0x00000000eca80000, 0x00000000f5580000)
  object space 207360K, 17% used [0x00000000e0000000,0x00000000e23d0938,0x00000000eca80000)
 Metaspace       used 56731K, capacity 59044K, committed 59160K, reserved 1099776K
  class space    used 7908K, capacity 8512K, committed 8576K, reserved 1048576K
}

Deoptimization events (10 events):
Event: 16.742 Thread 0x0000024c65f5d800 Uncommon trap: reason=unstable_if action=reinterpret pc=0x0000024c52565030 method=sun.misc.URLClassPath$JarLoader.getResource(Ljava/lang/String;ZLjava/util/Set;)Lsun/misc/Resource; @ 17
Event: 16.756 Thread 0x0000024c65f5d800 Uncommon trap: reason=unstable_if action=reinterpret pc=0x0000024c51d0d92c method=java.lang.Class$MethodArray.removeLessSpecifics()V @ 25
Event: 16.966 Thread 0x0000024c65f5d800 Uncommon trap: reason=class_check action=maybe_recompile pc=0x0000024c527ab85c method=java.io.BufferedInputStream.read1([BII)I @ 39
Event: 16.966 Thread 0x0000024c65f5d800 Uncommon trap: reason=class_check action=maybe_recompile pc=0x0000024c527aeb58 method=java.io.BufferedInputStream.read1([BII)I @ 39
Event: 17.880 Thread 0x0000024c65f5d800 Uncommon trap: reason=bimorphic action=maybe_recompile pc=0x0000024c5260ad10 method=java.util.Objects.equals(Ljava/lang/Object;Ljava/lang/Object;)Z @ 11
Event: 17.880 Thread 0x0000024c65f5d800 Uncommon trap: reason=bimorphic action=maybe_recompile pc=0x0000024c5260ad10 method=java.util.Objects.equals(Ljava/lang/Object;Ljava/lang/Object;)Z @ 11
Event: 18.983 Thread 0x0000024c65f5d800 Uncommon trap: reason=class_check action=maybe_recompile pc=0x0000024c521218d4 method=java.lang.Throwable.<init>(Ljava/lang/String;Ljava/lang/Throwable;)V @ 24
Event: 18.984 Thread 0x0000024c65f5d800 Uncommon trap: reason=unstable_if action=reinterpret pc=0x0000024c52018ea0 method=org.gradle.internal.logging.text.AbstractLineChoppingStyledTextOutput$2.execute(Lorg/gradle/internal/logging/text/AbstractLineChoppingStyledTextOutput$StateContext;)V @ 30
Event: 19.272 Thread 0x0000024c65f5d800 Uncommon trap: reason=unstable_if action=reinterpret pc=0x0000024c52e5952c method=com.esotericsoftware.kryo.io.Output.writeString(Ljava/lang/String;)V @ 93
Event: 19.697 Thread 0x0000024c65f5d800 Uncommon trap: reason=unstable_if action=reinterpret pc=0x0000024c52ffcf90 method=org.gradle.internal.ImmutableActionSet.add(Lorg/gradle/api/Action;)Lorg/gradle/internal/ImmutableActionSet; @ 64

Classes redefined (0 events):
No events

Internal exceptions (10 events):
Event: 19.663 Thread 0x0000024c65f5d800 Exception <a 'java/lang/ClassNotFoundException': build_8w0f8dztvqsl14grpyc1xe63n$_run_closure1BeanInfo> (0x00000000fa466298) thrown at [C:\jenkins\workspace\8-2-build-windows-amd64-cygwin\jdk8u261\295\hotspot\src\share\vm\classfile\systemDictionary.cpp, l
Event: 19.664 Thread 0x0000024c65f5d800 Exception <a 'java/lang/ClassNotFoundException': build_8w0f8dztvqsl14grpyc1xe63n$_run_closure1Customizer> (0x00000000fa475d90) thrown at [C:\jenkins\workspace\8-2-build-windows-amd64-cygwin\jdk8u261\295\hotspot\src\share\vm\classfile\systemDictionary.cpp,
Event: 19.767 Thread 0x0000024c65f5d800 Exception <a 'java/lang/ClassNotFoundException': org/gradle/api/tasks/javadoc/Javadoc_DecoratedBeanInfo> (0x00000000faaa8ae0) thrown at [C:\jenkins\workspace\8-2-build-windows-amd64-cygwin\jdk8u261\295\hotspot\src\share\vm\classfile\systemDictionary.cpp, 
Event: 19.768 Thread 0x0000024c65f5d800 Exception <a 'java/lang/ClassNotFoundException': org/gradle/api/tasks/javadoc/JavadocBeanInfo> (0x00000000faad1cd0) thrown at [C:\jenkins\workspace\8-2-build-windows-amd64-cygwin\jdk8u261\295\hotspot\src\share\vm\classfile\systemDictionary.cpp, line 210]
Event: 19.769 Thread 0x0000024c65f5d800 Exception <a 'java/lang/ClassNotFoundException': org/gradle/api/tasks/SourceTaskBeanInfo> (0x00000000faae9380) thrown at [C:\jenkins\workspace\8-2-build-windows-amd64-cygwin\jdk8u261\295\hotspot\src\share\vm\classfile\systemDictionary.cpp, line 210]
Event: 19.769 Thread 0x0000024c65f5d800 Exception <a 'java/lang/ClassNotFoundException': org/gradle/api/tasks/SourceTaskCustomizer> (0x00000000fab010a0) thrown at [C:\jenkins\workspace\8-2-build-windows-amd64-cygwin\jdk8u261\295\hotspot\src\share\vm\classfile\systemDictionary.cpp, line 210]
Event: 19.771 Thread 0x0000024c65f5d800 Exception <a 'java/lang/ClassNotFoundException': org/gradle/api/tasks/javadoc/JavadocCustomizer> (0x00000000fab5aeb8) thrown at [C:\jenkins\workspace\8-2-build-windows-amd64-cygwin\jdk8u261\295\hotspot\src\share\vm\classfile\systemDictionary.cpp, line 210
Event: 19.773 Thread 0x0000024c65f5d800 Exception <a 'java/lang/ClassNotFoundException': org/gradle/api/tasks/javadoc/Javadoc_DecoratedCustomizer> (0x00000000fabbeb80) thrown at [C:\jenkins\workspace\8-2-build-windows-amd64-cygwin\jdk8u261\295\hotspot\src\share\vm\classfile\systemDictionary.cpp
Event: 19.851 Thread 0x0000024c65f5d800 Exception <a 'java/lang/ClassNotFoundException': com/sun/org/glassfish/hk2/osgiresourcelocator/ServiceLoader> (0x00000000fb03c1d0) thrown at [C:\jenkins\workspace\8-2-build-windows-amd64-cygwin\jdk8u261\295\hotspot\src\share\vm\classfile\systemDictionary.
Event: 19.914 Thread 0x0000024c65f5d800 Exception <a 'java/lang/NullPointerException'> (0x00000000fb568a08) thrown at [C:\jenkins\workspace\8-2-build-windows-amd64-cygwin\jdk8u261\295\hotspot\src\share\vm\interpreter\linkResolver.cpp, line 1287]

Events (10 events):
Event: 19.986 loading class com/sun/xml/bind/v2/runtime/reflect/Accessor$GetterOnlyReflection
Event: 19.986 loading class com/sun/xml/bind/v2/runtime/reflect/Accessor$GetterOnlyReflection done
Event: 19.988 loading class com/sun/xml/bind/v2/model/nav/ReflectionNavigator$3
Event: 19.988 loading class com/sun/xml/bind/v2/model/nav/ReflectionNavigator$3 done
Event: 19.989 loading class javax/xml/bind/annotation/XmlAccessOrder
Event: 19.989 loading class javax/xml/bind/annotation/XmlAccessOrder done
Event: 19.989 loading class javax/xml/bind/annotation/XmlElement$DEFAULT
Event: 19.989 loading class javax/xml/bind/annotation/XmlElement$DEFAULT done
Event: 19.990 loading class com/sun/xml/bind/v2/runtime/reflect/Accessor$1
Event: 19.990 loading class com/sun/xml/bind/v2/runtime/reflect/Accessor$1 done


Dynamic libraries:
0x00007ff65dae0000 - 0x00007ff65db27000 	C:\Program Files\Java\jdk1.8.0_261\bin\java.exe
0x00007ffc28280000 - 0x00007ffc28470000 	C:\Windows\SYSTEM32\ntdll.dll
0x00007ffc26d20000 - 0x00007ffc26dd2000 	C:\Windows\System32\KERNEL32.DLL
0x00007ffc25f30000 - 0x00007ffc261d5000 	C:\Windows\System32\KERNELBASE.dll
0x00007ffc27220000 - 0x00007ffc272c3000 	C:\Windows\System32\ADVAPI32.dll
0x00007ffc281a0000 - 0x00007ffc2823e000 	C:\Windows\System32\msvcrt.dll
0x00007ffc27e10000 - 0x00007ffc27ea7000 	C:\Windows\System32\sechost.dll
0x00007ffc270f0000 - 0x00007ffc2720f000 	C:\Windows\System32\RPCRT4.dll
0x00007ffc26f50000 - 0x00007ffc270e4000 	C:\Windows\System32\USER32.dll
0x00007ffc26200000 - 0x00007ffc26221000 	C:\Windows\System32\win32u.dll
0x00007ffc27b90000 - 0x00007ffc27bb6000 	C:\Windows\System32\GDI32.dll
0x00007ffc25200000 - 0x00007ffc25398000 	C:\Windows\System32\gdi32full.dll
0x00007ffc25c10000 - 0x00007ffc25cae000 	C:\Windows\System32\msvcp_win.dll
0x00007ffc26230000 - 0x00007ffc2632a000 	C:\Windows\System32\ucrtbase.dll
0x00007ffc24850000 - 0x00007ffc24ad4000 	C:\Windows\WinSxS\amd64_microsoft.windows.common-controls_6595b64144ccf1df_6.0.18362.1379_none_9e7ff3b3e45cc0c4\COMCTL32.dll
0x00007ffc277b0000 - 0x00007ffc27ae7000 	C:\Windows\System32\combase.dll
0x00007ffc25400000 - 0x00007ffc25481000 	C:\Windows\System32\bcryptPrimitives.dll
0x00007ffc27de0000 - 0x00007ffc27e0e000 	C:\Windows\System32\IMM32.DLL
0x00007ffbeecf0000 - 0x00007ffbeed05000 	C:\Program Files\Java\jdk1.8.0_261\jre\bin\vcruntime140.dll
0x00007ffbe7e00000 - 0x00007ffbe7e9b000 	C:\Program Files\Java\jdk1.8.0_261\jre\bin\msvcp140.dll
0x000000006a890000 - 0x000000006b0fc000 	C:\Program Files\Java\jdk1.8.0_261\jre\bin\server\jvm.dll
0x00007ffc26f40000 - 0x00007ffc26f48000 	C:\Windows\System32\PSAPI.DLL
0x00007ffbf12f0000 - 0x00007ffbf12f9000 	C:\Windows\SYSTEM32\WSOCK32.dll
0x00007ffc27bc0000 - 0x00007ffc27c2f000 	C:\Windows\System32\WS2_32.dll
0x00007ffc22830000 - 0x00007ffc22854000 	C:\Windows\SYSTEM32\WINMM.dll
0x00007ffc146a0000 - 0x00007ffc146aa000 	C:\Windows\SYSTEM32\VERSION.dll
0x00007ffc227e0000 - 0x00007ffc2280d000 	C:\Windows\SYSTEM32\winmmbase.dll
0x00007ffc25d90000 - 0x00007ffc25dda000 	C:\Windows\System32\cfgmgr32.dll
0x00007ffc25140000 - 0x00007ffc25151000 	C:\Windows\System32\kernel.appcore.dll
0x00007ffbeef50000 - 0x00007ffbeef60000 	C:\Program Files\Java\jdk1.8.0_261\jre\bin\verify.dll
0x00007ffbeecc0000 - 0x00007ffbeeceb000 	C:\Program Files\Java\jdk1.8.0_261\jre\bin\java.dll
0x00007ffbeebd0000 - 0x00007ffbeebe8000 	C:\Program Files\Java\jdk1.8.0_261\jre\bin\zip.dll
0x00007ffc26630000 - 0x00007ffc26d18000 	C:\Windows\System32\SHELL32.dll
0x00007ffc26580000 - 0x00007ffc26627000 	C:\Windows\System32\shcore.dll
0x00007ffc25490000 - 0x00007ffc25c0b000 	C:\Windows\System32\windows.storage.dll
0x00007ffc25160000 - 0x00007ffc25183000 	C:\Windows\System32\profapi.dll
0x00007ffc251b0000 - 0x00007ffc251fa000 	C:\Windows\System32\powrprof.dll
0x00007ffc25130000 - 0x00007ffc25140000 	C:\Windows\System32\UMPDC.dll
0x00007ffc27eb0000 - 0x00007ffc27f02000 	C:\Windows\System32\shlwapi.dll
0x00007ffc261e0000 - 0x00007ffc261f7000 	C:\Windows\System32\cryptsp.dll
0x00007ffbeb4e0000 - 0x00007ffbeb4fc000 	C:\Program Files\Java\jdk1.8.0_261\jre\bin\net.dll
0x00007ffc24290000 - 0x00007ffc242f7000 	C:\Windows\system32\mswsock.dll
0x00007ffbeb4c0000 - 0x00007ffbeb4d3000 	C:\Program Files\Java\jdk1.8.0_261\jre\bin\nio.dll
0x00007ffbe9100000 - 0x00007ffbe912a000 	C:\Users\DGT\.gradle\native\36\windows-amd64\native-platform.dll
0x00007ffbeb470000 - 0x00007ffbeb47d000 	C:\Program Files\Java\jdk1.8.0_261\jre\bin\management.dll
0x00007ffc23e10000 - 0x00007ffc23e43000 	C:\Windows\system32\rsaenh.dll
0x00007ffc25d60000 - 0x00007ffc25d86000 	C:\Windows\System32\bcrypt.dll
0x00007ffc25050000 - 0x00007ffc25075000 	C:\Windows\SYSTEM32\USERENV.dll
0x00007ffc24460000 - 0x00007ffc2446c000 	C:\Windows\SYSTEM32\CRYPTBASE.dll
0x00007ffc23fa0000 - 0x00007ffc23fda000 	C:\Windows\SYSTEM32\IPHLPAPI.DLL
0x00007ffc27210000 - 0x00007ffc27218000 	C:\Windows\System32\NSI.dll
0x00007ffc1d8b0000 - 0x00007ffc1d8c6000 	C:\Windows\SYSTEM32\dhcpcsvc6.DLL
0x00007ffc1df10000 - 0x00007ffc1df2c000 	C:\Windows\SYSTEM32\dhcpcsvc.DLL
0x00007ffc23fe0000 - 0x00007ffc240ab000 	C:\Windows\SYSTEM32\DNSAPI.dll
0x00007ffc24b10000 - 0x00007ffc24d04000 	C:\Windows\SYSTEM32\dbghelp.dll

VM Arguments:
jvm_args: -XX:MaxMetaspaceSize=256m -XX:+HeapDumpOnOutOfMemoryError -Xms256m -Xmx512m -Dfile.encoding=windows-1252 -Duser.country=US -Duser.language=en -Duser.variant 
java_command: org.gradle.launcher.daemon.bootstrap.GradleDaemon 6.2
java_class_path (initial): C:\Users\DGT\.gradle\wrapper\dists\gradle-6.2-all\dvufqs6kielxeao781pmk5huj\gradle-6.2\lib\gradle-launcher-6.2.jar
Launcher Type: SUN_STANDARD

Environment Variables:
JAVA_HOME=C:\Program Files\Java\jdk1.8.0_261
CLASSPATH=F:\Poeticdata_Project@1\varial_app\android\\gradle\wrapper\gradle-wrapper.jar
PATH=F:\Poeticdata_Project@1\varial_app\android\node_modules\.bin;F:\Poeticdata_Project@1\varial_app\node_modules\.bin;F:\Poeticdata_Project@1\node_modules\.bin;F:\node_modules\.bin;C:\Program Files\nodejs;C:\Program Files (x86)\Common Files\Oracle\Java\javapath;C:\Python38\Scripts\;C:\Python38\;C:\Windows\system32;C:\Windows;C:\Windows\System32\Wbem;C:\Windows\System32\WindowsPowerShell\v1.0\;C:\Windows\System32\OpenSSH\;C:\Program Files\Git\cmd;C:\Program Files\nodejs\;C:\ProgramData\chocolatey\bin;C:\Program Files\Java\jdk1.8.0_261\bin;C:\Program Files\Android\Android Studio\gradle\gradle-X.X\;C:\Program Files\MongoDB\Server\4.0\bin;C:\Users\DGT\AppData\Local\Android\Sdk\emulator;C:\Program Files\dotnet\;C:\Program Files\Azure Data Studio\bin;C:\Program Files\Microsoft SQL Server\Client SDK\ODBC\170\Tools\Binn\;C:\Program Files (x86)\Microsoft SQL Server\150\Tools\Binn\;C:\Program Files\Microsoft SQL Server\150\Tools\Binn\;C:\Program Files\Microsoft SQL Server\150\DTS\Binn\;C:\Program Files (x86)\Microsoft SQL Server\150\DTS\Binn\;C:\Program Files\Microsoft SQL Server\130\Tools\Binn\;C:\Users\DGT\AppData\Local\Microsoft\WindowsApps;C:\Users\DGT\AppData\Roaming\npm;C:\Users\DGT\Program Files\node.js\;C:\Users\DGT\AppData\Local\Android\Sdk;C:\Users\DGT\AppData\Local\Programs\Microsoft VS Code Insiders\bin;C:\Users\DGT\AppData\Local\Programs\Microsoft VS Code\bin;C:\Users\DGT\.dotnet\tools;C:\Program Files\Azure Data Studio\bin
USERNAME=DGT
OS=Windows_NT
PROCESSOR_IDENTIFIER=Intel64 Family 6 Model 142 Stepping 10, GenuineIntel



---------------  S Y S T E M  ---------------

OS: Windows 10.0 , 64 bit Build 18362 (10.0.18362.1350)

CPU:total 4 (initial active 4) (2 cores per cpu, 2 threads per core) family 6 model 142 stepping 10, cmov, cx8, fxsr, mmx, sse, sse2, sse3, ssse3, sse4.1, sse4.2, popcnt, avx, avx2, aes, clmul, erms, 3dnowpref, lzcnt, ht, tsc, tscinvbit, bmi1, bmi2, adx

Memory: 4k page, physical 11811356k(1352664k free), swap 13859356k(1688k free)

vm_info: Java HotSpot(TM) 64-Bit Server VM (25.261-b12) for windows-amd64 JRE (1.8.0_261-b12), built on Jun 18 2020 06:56:32 by "" with unknown MS VC++:1916

time: Tue Mar  2 16:38:07 2021
timezone: India Standard Time
elapsed time: 20 seconds (0d 0h 0m 20s)

