#
# There is insufficient memory for the Java Runtime Environment to continue.
# Native memory allocation (malloc) failed to allocate 1797952 bytes for Chunk::new
# Possible reasons:
#   The system is out of physical RAM or swap space
#   The process is running with CompressedOops enabled, and the Java Heap may be blocking the growth of the native heap
# Possible solutions:
#   Reduce memory load on the system
#   Increase physical memory or swap space
#   Check if swap backing store is full
#   Decrease Java heap size (-Xmx/-Xms)
#   Decrease number of Java threads
#   Decrease Java thread stack sizes (-Xss)
#   Set larger code cache with -XX:ReservedCodeCacheSize=
#   JVM is running with Unscaled Compressed Oops mode in which the Java heap is
#     placed in the first 4GB address space. The Java Heap base address is the
#     maximum limit for the native heap growth. Please use -XX:HeapBaseMinAddress
#     to set the Java Heap base and to place the Java Heap above 4GB virtual address.
# This output file may be truncated or incomplete.
#
#  Out of Memory Error (allocation.cpp:389), pid=2472, tid=0x0000000000006b4c
#
# JRE version: Java(TM) SE Runtime Environment (8.0_261-b12) (build 1.8.0_261-b12)
# Java VM: Java HotSpot(TM) 64-Bit Server VM (25.261-b12 mixed mode windows-amd64 compressed oops)
# Failed to write core dump. Minidumps are not enabled by default on client versions of Windows
#

---------------  T H R E A D  ---------------

Current thread (0x00000236e9b87000):  JavaThread "C2 CompilerThread1" daemon [_thread_in_native, id=27468, stack(0x000000d331400000,0x000000d331500000)]

Stack: [0x000000d331400000,0x000000d331500000]
Native frames: (J=compiled Java code, j=interpreted, Vv=VM code, C=native code)
V  [jvm.dll+0x33e5f9]
V  [jvm.dll+0x2850e2]
V  [jvm.dll+0x285d8d]
V  [jvm.dll+0x27c895]
V  [jvm.dll+0xe4d6c]
V  [jvm.dll+0xe556c]
V  [jvm.dll+0x47ed35]
V  [jvm.dll+0x446ab8]
V  [jvm.dll+0x44f8f5]
V  [jvm.dll+0x44ecb5]
V  [jvm.dll+0x439bc7]
V  [jvm.dll+0xbbbcb]
V  [jvm.dll+0xba22b]
V  [jvm.dll+0x24d962]
V  [jvm.dll+0x2a1cfc]
C  [ucrtbase.dll+0x210b2]
C  [KERNEL32.DLL+0x17c24]
C  [ntdll.dll+0x6d721]


Current CompileTask:
C2:   4659 1462   !   4       java.net.URLClassLoader$1::run (63 bytes)


---------------  P R O C E S S  ---------------

Java Threads: ( => current thread )
  0x00000236ecbc6000 JavaThread "Cache worker for file hash cache (F:\Poeticdata_Project@1\varial_app\android\.gradle\6.2\fileHashes)" [_thread_blocked, id=26628, stack(0x000000d332600000,0x000000d332700000)]
  0x00000236ecbc1000 JavaThread "Cache worker for checksums cache (F:\Poeticdata_Project@1\varial_app\android\.gradle\checksums)" [_thread_blocked, id=18684, stack(0x000000d332500000,0x000000d332600000)]
  0x00000236ecbc4000 JavaThread "Cache worker for file hash cache (C:\Users\DGT\.gradle\caches\6.2\fileHashes)" [_thread_blocked, id=18004, stack(0x000000d332400000,0x000000d332500000)]
  0x00000236ecbc3000 JavaThread "File lock request listener" [_thread_in_native, id=10196, stack(0x000000d332300000,0x000000d332400000)]
  0x00000236ecbc4800 JavaThread "Cache worker for journal cache (C:\Users\DGT\.gradle\caches\journal-1)" [_thread_blocked, id=11216, stack(0x000000d332200000,0x000000d332300000)]
  0x00000236ec896800 JavaThread "Thread-9" [_thread_blocked, id=25284, stack(0x000000d332100000,0x000000d332200000)]
  0x00000236ec885800 JavaThread "Stdin handler" [_thread_blocked, id=25780, stack(0x000000d332000000,0x000000d332100000)]
  0x00000236ec89a000 JavaThread "Asynchronous log dispatcher for DefaultDaemonConnection: socket connection from /127.0.0.1:55613 to /127.0.0.1:55614" [_thread_blocked, id=3976, stack(0x000000d331f00000,0x000000d332000000)]
  0x00000236ec884800 JavaThread "Daemon worker" [_thread_in_Java, id=2844, stack(0x000000d331e00000,0x000000d331f00000)]
  0x00000236ec883800 JavaThread "Cancel handler" [_thread_blocked, id=20972, stack(0x000000d331d00000,0x000000d331e00000)]
  0x00000236ec846000 JavaThread "Handler for socket connection from /127.0.0.1:55613 to /127.0.0.1:55614" [_thread_in_native, id=26920, stack(0x000000d331c00000,0x000000d331d00000)]
  0x00000236ec845800 JavaThread "Daemon periodic checks" [_thread_blocked, id=24112, stack(0x000000d331b00000,0x000000d331c00000)]
  0x00000236ec85e800 JavaThread "Daemon" [_thread_blocked, id=21756, stack(0x000000d331a00000,0x000000d331b00000)]
  0x00000236ec872000 JavaThread "Incoming local TCP Connector on port 55613" [_thread_in_native, id=16504, stack(0x000000d331900000,0x000000d331a00000)]
  0x00000236ec787800 JavaThread "Daemon health stats" [_thread_blocked, id=24084, stack(0x000000d331800000,0x000000d331900000)]
  0x00000236e9c16000 JavaThread "Service Thread" daemon [_thread_blocked, id=24464, stack(0x000000d331600000,0x000000d331700000)]
  0x00000236e9b8e800 JavaThread "C1 CompilerThread2" daemon [_thread_in_vm, id=23308, stack(0x000000d331500000,0x000000d331600000)]
=>0x00000236e9b87000 JavaThread "C2 CompilerThread1" daemon [_thread_in_native, id=27468, stack(0x000000d331400000,0x000000d331500000)]
  0x00000236e9b83800 JavaThread "C2 CompilerThread0" daemon [_thread_in_native, id=21808, stack(0x000000d331300000,0x000000d331400000)]
  0x00000236e9b81000 JavaThread "Attach Listener" daemon [_thread_blocked, id=23348, stack(0x000000d331200000,0x000000d331300000)]
  0x00000236e9b80000 JavaThread "Signal Dispatcher" daemon [_thread_blocked, id=21796, stack(0x000000d331100000,0x000000d331200000)]
  0x00000236e9437800 JavaThread "Finalizer" daemon [_thread_blocked, id=24392, stack(0x000000d330f00000,0x000000d331000000)]
  0x00000236e9b66000 JavaThread "Reference Handler" daemon [_thread_blocked, id=23708, stack(0x000000d330e00000,0x000000d330f00000)]
  0x00000236d6c56000 JavaThread "main" [_thread_blocked, id=26992, stack(0x000000d330800000,0x000000d330900000)]

Other Threads:
  0x00000236e9b43000 VMThread [stack: 0x000000d330d00000,0x000000d330e00000] [id=10964]
  0x00000236e9ba1000 WatcherThread [stack: 0x000000d331700000,0x000000d331800000] [id=26212]

VM state:not at safepoint (normal execution)

VM Mutex/Monitor currently owned by a thread: None

heap address: 0x00000000e0000000, size: 512 MB, Compressed Oops mode: 32-bit
Narrow klass base: 0x0000000000000000, Narrow klass shift: 3
Compressed class space size: 1073741824 Address: 0x0000000100000000

Heap:
 PSYoungGen      total 76288K, used 49234K [0x00000000f5580000, 0x00000000faa80000, 0x0000000100000000)
  eden space 65536K, 60% used [0x00000000f5580000,0x00000000f7c30668,0x00000000f9580000)
  from space 10752K, 89% used [0x00000000fa000000,0x00000000fa964320,0x00000000faa80000)
  to   space 10752K, 0% used [0x00000000f9580000,0x00000000f9580000,0x00000000fa000000)
 ParOldGen       total 175104K, used 24K [0x00000000e0000000, 0x00000000eab00000, 0x00000000f5580000)
  object space 175104K, 0% used [0x00000000e0000000,0x00000000e0006000,0x00000000eab00000)
 Metaspace       used 18453K, capacity 19012K, committed 19200K, reserved 1064960K
  class space    used 2607K, capacity 2784K, committed 2816K, reserved 1048576K

Card table byte_map: [0x00000236e7880000,0x00000236e7990000] byte_map_base: 0x00000236e7180000

Marking Bits: (ParMarkBitMap*) 0x000000006b084fb0
 Begin Bits: [0x00000236e7a40000, 0x00000236e8240000)
 End Bits:   [0x00000236e8240000, 0x00000236e8a40000)

Polling page: 0x00000236d6b90000

CodeCache: size=245760Kb used=5651Kb max_used=5651Kb free=240108Kb
 bounds [0x00000236d84c0000, 0x00000236d8a50000, 0x00000236e74c0000]
 total_blobs=2019 nmethods=1609 adapters=322
 compilation: enabled

Compilation events (10 events):
Event: 4.594 Thread 0x00000236e9b8e800 1591       1       java.io.ExpiringCache::access$000 (5 bytes)
Event: 4.594 Thread 0x00000236e9b8e800 nmethod 1591 0x00000236d8a36ad0 code [0x00000236d8a36c20, 0x00000236d8a36d18]
Event: 4.594 Thread 0x00000236e9b8e800 1592       3       java.util.concurrent.locks.ReentrantLock::unlock (10 bytes)
Event: 4.594 Thread 0x00000236e9b8e800 nmethod 1592 0x00000236d8a36d90 code [0x00000236d8a36f20, 0x00000236d8a37320]
Event: 4.594 Thread 0x00000236e9b8e800 1593       3       java.util.concurrent.locks.AbstractQueuedSynchronizer::<init> (5 bytes)
Event: 4.595 Thread 0x00000236e9b8e800 nmethod 1593 0x00000236d8a37490 code [0x00000236d8a37600, 0x00000236d8a37818]
Event: 4.604 Thread 0x00000236e9b8e800 1594       3       org.gradle.internal.service.DefaultServiceRegistry::isSatisfiedBy (44 bytes)
Event: 4.604 Thread 0x00000236e9b8e800 nmethod 1594 0x00000236d8a37910 code [0x00000236d8a37ac0, 0x00000236d8a38210]
Event: 4.613 Thread 0x00000236e9b8e800 1595       3       org.gradle.internal.service.DefaultServiceRegistry::access$1300 (4 bytes)
Event: 4.613 Thread 0x00000236e9b8e800 nmethod 1595 0x00000236d8a38350 code [0x00000236d8a384a0, 0x00000236d8a385d8]

GC Heap History (4 events):
Event: 1.955 GC heap before
{Heap before GC invocations=1 (full 0):
 PSYoungGen      total 76288K, used 65536K [0x00000000f5580000, 0x00000000faa80000, 0x0000000100000000)
  eden space 65536K, 100% used [0x00000000f5580000,0x00000000f9580000,0x00000000f9580000)
  from space 10752K, 0% used [0x00000000fa000000,0x00000000fa000000,0x00000000faa80000)
  to   space 10752K, 0% used [0x00000000f9580000,0x00000000f9580000,0x00000000fa000000)
 ParOldGen       total 175104K, used 0K [0x00000000e0000000, 0x00000000eab00000, 0x00000000f5580000)
  object space 175104K, 0% used [0x00000000e0000000,0x00000000e0000000,0x00000000eab00000)
 Metaspace       used 7416K, capacity 7666K, committed 7808K, reserved 1056768K
  class space    used 943K, capacity 1045K, committed 1152K, reserved 1048576K
Event: 1.965 GC heap after
Heap after GC invocations=1 (full 0):
 PSYoungGen      total 76288K, used 5818K [0x00000000f5580000, 0x00000000faa80000, 0x0000000100000000)
  eden space 65536K, 0% used [0x00000000f5580000,0x00000000f5580000,0x00000000f9580000)
  from space 10752K, 54% used [0x00000000f9580000,0x00000000f9b2ea00,0x00000000fa000000)
  to   space 10752K, 0% used [0x00000000fa000000,0x00000000fa000000,0x00000000faa80000)
 ParOldGen       total 175104K, used 16K [0x00000000e0000000, 0x00000000eab00000, 0x00000000f5580000)
  object space 175104K, 0% used [0x00000000e0000000,0x00000000e0004000,0x00000000eab00000)
 Metaspace       used 7416K, capacity 7666K, committed 7808K, reserved 1056768K
  class space    used 943K, capacity 1045K, committed 1152K, reserved 1048576K
}
Event: 4.026 GC heap before
{Heap before GC invocations=2 (full 0):
 PSYoungGen      total 76288K, used 71354K [0x00000000f5580000, 0x00000000faa80000, 0x0000000100000000)
  eden space 65536K, 100% used [0x00000000f5580000,0x00000000f9580000,0x00000000f9580000)
  from space 10752K, 54% used [0x00000000f9580000,0x00000000f9b2ea00,0x00000000fa000000)
  to   space 10752K, 0% used [0x00000000fa000000,0x00000000fa000000,0x00000000faa80000)
 ParOldGen       total 175104K, used 16K [0x00000000e0000000, 0x00000000eab00000, 0x00000000f5580000)
  object space 175104K, 0% used [0x00000000e0000000,0x00000000e0004000,0x00000000eab00000)
 Metaspace       used 15232K, capacity 15650K, committed 15872K, reserved 1062912K
  class space    used 2077K, capacity 2227K, committed 2304K, reserved 1048576K
Event: 4.039 GC heap after
Heap after GC invocations=2 (full 0):
 PSYoungGen      total 76288K, used 9616K [0x00000000f5580000, 0x00000000faa80000, 0x0000000100000000)
  eden space 65536K, 0% used [0x00000000f5580000,0x00000000f5580000,0x00000000f9580000)
  from space 10752K, 89% used [0x00000000fa000000,0x00000000fa964320,0x00000000faa80000)
  to   space 10752K, 0% used [0x00000000f9580000,0x00000000f9580000,0x00000000fa000000)
 ParOldGen       total 175104K, used 24K [0x00000000e0000000, 0x00000000eab00000, 0x00000000f5580000)
  object space 175104K, 0% used [0x00000000e0000000,0x00000000e0006000,0x00000000eab00000)
 Metaspace       used 15232K, capacity 15650K, committed 15872K, reserved 1062912K
  class space    used 2077K, capacity 2227K, committed 2304K, reserved 1048576K
}

Deoptimization events (10 events):
Event: 2.648 Thread 0x00000236d6c56000 Uncommon trap: reason=unstable_if action=reinterpret pc=0x00000236d87ce5fc method=java.io.WinNTFileSystem.normalize(Ljava/lang/String;)Ljava/lang/String; @ 128
Event: 3.403 Thread 0x00000236ec884800 Uncommon trap: reason=bimorphic action=maybe_recompile pc=0x00000236d87856e4 method=java.util.HashMap.putVal(ILjava/lang/Object;Ljava/lang/Object;ZZ)Ljava/lang/Object; @ 253
Event: 3.403 Thread 0x00000236ec884800 Uncommon trap: reason=bimorphic action=maybe_recompile pc=0x00000236d87856e4 method=java.util.HashMap.putVal(ILjava/lang/Object;Ljava/lang/Object;ZZ)Ljava/lang/Object; @ 253
Event: 3.403 Thread 0x00000236ec884800 Uncommon trap: reason=bimorphic action=maybe_recompile pc=0x00000236d87856e4 method=java.util.HashMap.putVal(ILjava/lang/Object;Ljava/lang/Object;ZZ)Ljava/lang/Object; @ 253
Event: 3.791 Thread 0x00000236ec884800 Uncommon trap: reason=class_check action=maybe_recompile pc=0x00000236d87e40d8 method=java.util.regex.Matcher.match(II)Z @ 86
Event: 3.812 Thread 0x00000236ec884800 Uncommon trap: reason=class_check action=maybe_recompile pc=0x00000236d87e40d8 method=java.util.regex.Matcher.match(II)Z @ 86
Event: 3.813 Thread 0x00000236ec884800 Uncommon trap: reason=class_check action=maybe_recompile pc=0x00000236d87e40d8 method=java.util.regex.Matcher.match(II)Z @ 86
Event: 3.813 Thread 0x00000236ec884800 Uncommon trap: reason=class_check action=maybe_recompile pc=0x00000236d867f18c method=java.util.regex.Matcher.match(II)Z @ 86
Event: 4.176 Thread 0x00000236ec884800 Uncommon trap: reason=unstable_if action=reinterpret pc=0x00000236d87e2364 method=java.io.File.getName()Ljava/lang/String; @ 16
Event: 4.176 Thread 0x00000236ec884800 Uncommon trap: reason=unstable_if action=reinterpret pc=0x00000236d87dc29c method=java.lang.String.substring(I)Ljava/lang/String; @ 35

Classes redefined (0 events):
No events

Internal exceptions (10 events):
Event: 0.838 Thread 0x00000236d6c56000 Exception <a 'java/lang/ArrayIndexOutOfBoundsException'> (0x00000000f6a555a0) thrown at [C:\jenkins\workspace\8-2-build-windows-amd64-cygwin\jdk8u261\295\hotspot\src\share\vm\runtime\sharedRuntime.cpp, line 605]
Event: 0.838 Thread 0x00000236d6c56000 Exception <a 'java/lang/ArrayIndexOutOfBoundsException'> (0x00000000f6a57500) thrown at [C:\jenkins\workspace\8-2-build-windows-amd64-cygwin\jdk8u261\295\hotspot\src\share\vm\runtime\sharedRuntime.cpp, line 605]
Event: 0.840 Thread 0x00000236d6c56000 Exception <a 'java/lang/ArrayIndexOutOfBoundsException'> (0x00000000f6a61cc8) thrown at [C:\jenkins\workspace\8-2-build-windows-amd64-cygwin\jdk8u261\295\hotspot\src\share\vm\runtime\sharedRuntime.cpp, line 605]
Event: 0.841 Thread 0x00000236d6c56000 Exception <a 'java/lang/ArrayIndexOutOfBoundsException'> (0x00000000f6a63ae8) thrown at [C:\jenkins\workspace\8-2-build-windows-amd64-cygwin\jdk8u261\295\hotspot\src\share\vm\runtime\sharedRuntime.cpp, line 605]
Event: 0.842 Thread 0x00000236d6c56000 Exception <a 'java/lang/ArrayIndexOutOfBoundsException'> (0x00000000f6a72f68) thrown at [C:\jenkins\workspace\8-2-build-windows-amd64-cygwin\jdk8u261\295\hotspot\src\share\vm\runtime\sharedRuntime.cpp, line 605]
Event: 3.276 Thread 0x00000236d6c56000 Exception <a 'java/io/IOException'> (0x00000000f7055968) thrown at [C:\jenkins\workspace\8-2-build-windows-amd64-cygwin\jdk8u261\295\hotspot\src\share\vm\prims\jni.cpp, line 710]
Event: 4.225 Thread 0x00000236ec884800 Exception <a 'java/lang/NoSuchMethodError': java.lang.Object.lambda$and$0(Ljava/util/function/Predicate;Ljava/lang/Object;)Z> (0x00000000f666ce88) thrown at [C:\jenkins\workspace\8-2-build-windows-amd64-cygwin\jdk8u261\295\hotspot\src\share\vm\interpreter
Event: 4.234 Thread 0x00000236ec884800 Exception <a 'java/lang/IncompatibleClassChangeError': Found class java.lang.Object, but interface was expected> (0x00000000f667d778) thrown at [C:\jenkins\workspace\8-2-build-windows-amd64-cygwin\jdk8u261\295\hotspot\src\share\vm\interpreter\linkResolver
Event: 4.239 Thread 0x00000236ec884800 Exception <a 'java/lang/NoSuchMethodError': java.lang.Object.lambda$or$2(Ljava/util/function/Predicate;Ljava/lang/Object;)Z> (0x00000000f6682710) thrown at [C:\jenkins\workspace\8-2-build-windows-amd64-cygwin\jdk8u261\295\hotspot\src\share\vm\interpreter\
Event: 4.578 Thread 0x00000236ec884800 Exception <a 'java/lang/NoSuchMethodError': java.lang.Object.lambda$withReadOnlyCache$0(Ljava/util/function/BiFunction;Lorg/gradle/api/internal/artifacts/ivyservice/ArtifactCacheMetadata;)Ljava/lang/Object;> (0x00000000f782d958) thrown at [C:\jenkins\work

Events (10 events):
Event: 4.613 loading class org/gradle/plugin/management/internal/autoapply/DefaultAutoAppliedPluginRegistry
Event: 4.613 loading class org/gradle/plugin/management/internal/autoapply/DefaultAutoAppliedPluginRegistry done
Event: 4.614 loading class org/gradle/api/internal/artifacts/DefaultModuleIdentifier
Event: 4.614 loading class org/gradle/api/internal/artifacts/DefaultModuleIdentifier done
Event: 4.615 loading class org/gradle/api/internal/artifacts/DefaultModuleVersionSelector
Event: 4.615 loading class org/gradle/api/internal/artifacts/DefaultModuleVersionSelector done
Event: 4.615 loading class org/gradle/api/artifacts/ModuleVersionSelector
Event: 4.615 loading class org/gradle/api/artifacts/ModuleVersionSelector done
Event: 4.615 loading class org/gradle/plugin/management/internal/DefaultPluginRequest
Event: 4.615 loading class org/gradle/plugin/management/internal/DefaultPluginRequest done


Dynamic libraries:
0x00007ff65dae0000 - 0x00007ff65db27000 	C:\Program Files\Java\jdk1.8.0_261\bin\java.exe
0x00007ffc28280000 - 0x00007ffc28470000 	C:\Windows\SYSTEM32\ntdll.dll
0x00007ffc26d20000 - 0x00007ffc26dd2000 	C:\Windows\System32\KERNEL32.DLL
0x00007ffc25f30000 - 0x00007ffc261d5000 	C:\Windows\System32\KERNELBASE.dll
0x00007ffc27220000 - 0x00007ffc272c3000 	C:\Windows\System32\ADVAPI32.dll
0x00007ffc281a0000 - 0x00007ffc2823e000 	C:\Windows\System32\msvcrt.dll
0x00007ffc27e10000 - 0x00007ffc27ea7000 	C:\Windows\System32\sechost.dll
0x00007ffc270f0000 - 0x00007ffc2720f000 	C:\Windows\System32\RPCRT4.dll
0x00007ffc26f50000 - 0x00007ffc270e4000 	C:\Windows\System32\USER32.dll
0x00007ffc26200000 - 0x00007ffc26221000 	C:\Windows\System32\win32u.dll
0x00007ffc27b90000 - 0x00007ffc27bb6000 	C:\Windows\System32\GDI32.dll
0x00007ffc25200000 - 0x00007ffc25398000 	C:\Windows\System32\gdi32full.dll
0x00007ffc25c10000 - 0x00007ffc25cae000 	C:\Windows\System32\msvcp_win.dll
0x00007ffc26230000 - 0x00007ffc2632a000 	C:\Windows\System32\ucrtbase.dll
0x00007ffc24850000 - 0x00007ffc24ad4000 	C:\Windows\WinSxS\amd64_microsoft.windows.common-controls_6595b64144ccf1df_6.0.18362.1379_none_9e7ff3b3e45cc0c4\COMCTL32.dll
0x00007ffc277b0000 - 0x00007ffc27ae7000 	C:\Windows\System32\combase.dll
0x00007ffc25400000 - 0x00007ffc25481000 	C:\Windows\System32\bcryptPrimitives.dll
0x00007ffc27de0000 - 0x00007ffc27e0e000 	C:\Windows\System32\IMM32.DLL
0x00007ffbeecf0000 - 0x00007ffbeed05000 	C:\Program Files\Java\jdk1.8.0_261\jre\bin\vcruntime140.dll
0x00007ffbe7e00000 - 0x00007ffbe7e9b000 	C:\Program Files\Java\jdk1.8.0_261\jre\bin\msvcp140.dll
0x000000006a890000 - 0x000000006b0fc000 	C:\Program Files\Java\jdk1.8.0_261\jre\bin\server\jvm.dll
0x00007ffc26f40000 - 0x00007ffc26f48000 	C:\Windows\System32\PSAPI.DLL
0x00007ffbf12f0000 - 0x00007ffbf12f9000 	C:\Windows\SYSTEM32\WSOCK32.dll
0x00007ffc27bc0000 - 0x00007ffc27c2f000 	C:\Windows\System32\WS2_32.dll
0x00007ffc22830000 - 0x00007ffc22854000 	C:\Windows\SYSTEM32\WINMM.dll
0x00007ffc146a0000 - 0x00007ffc146aa000 	C:\Windows\SYSTEM32\VERSION.dll
0x00007ffc227e0000 - 0x00007ffc2280d000 	C:\Windows\SYSTEM32\WINMMBASE.dll
0x00007ffc25d90000 - 0x00007ffc25dda000 	C:\Windows\System32\cfgmgr32.dll
0x00007ffc25140000 - 0x00007ffc25151000 	C:\Windows\System32\kernel.appcore.dll
0x00007ffbeef50000 - 0x00007ffbeef60000 	C:\Program Files\Java\jdk1.8.0_261\jre\bin\verify.dll
0x00007ffbeecc0000 - 0x00007ffbeeceb000 	C:\Program Files\Java\jdk1.8.0_261\jre\bin\java.dll
0x00007ffbeebd0000 - 0x00007ffbeebe8000 	C:\Program Files\Java\jdk1.8.0_261\jre\bin\zip.dll
0x00007ffc26630000 - 0x00007ffc26d18000 	C:\Windows\System32\SHELL32.dll
0x00007ffc26580000 - 0x00007ffc26627000 	C:\Windows\System32\shcore.dll
0x00007ffc25490000 - 0x00007ffc25c0b000 	C:\Windows\System32\windows.storage.dll
0x00007ffc25160000 - 0x00007ffc25183000 	C:\Windows\System32\profapi.dll
0x00007ffc251b0000 - 0x00007ffc251fa000 	C:\Windows\System32\powrprof.dll
0x00007ffc25130000 - 0x00007ffc25140000 	C:\Windows\System32\UMPDC.dll
0x00007ffc27eb0000 - 0x00007ffc27f02000 	C:\Windows\System32\shlwapi.dll
0x00007ffc261e0000 - 0x00007ffc261f7000 	C:\Windows\System32\cryptsp.dll
0x00007ffbeb4e0000 - 0x00007ffbeb4fc000 	C:\Program Files\Java\jdk1.8.0_261\jre\bin\net.dll
0x00007ffc24290000 - 0x00007ffc242f7000 	C:\Windows\system32\mswsock.dll
0x00007ffbeb4c0000 - 0x00007ffbeb4d3000 	C:\Program Files\Java\jdk1.8.0_261\jre\bin\nio.dll
0x00007ffbe9100000 - 0x00007ffbe912a000 	C:\Users\DGT\.gradle\native\36\windows-amd64\native-platform.dll
0x00007ffbeb470000 - 0x00007ffbeb47d000 	C:\Program Files\Java\jdk1.8.0_261\jre\bin\management.dll
0x00007ffc23e10000 - 0x00007ffc23e43000 	C:\Windows\system32\rsaenh.dll
0x00007ffc25d60000 - 0x00007ffc25d86000 	C:\Windows\System32\bcrypt.dll
0x00007ffc25050000 - 0x00007ffc25075000 	C:\Windows\SYSTEM32\USERENV.dll
0x00007ffc24460000 - 0x00007ffc2446c000 	C:\Windows\SYSTEM32\CRYPTBASE.dll
0x00007ffc23fa0000 - 0x00007ffc23fda000 	C:\Windows\SYSTEM32\IPHLPAPI.DLL
0x00007ffc27210000 - 0x00007ffc27218000 	C:\Windows\System32\NSI.dll
0x00007ffc1d8b0000 - 0x00007ffc1d8c6000 	C:\Windows\SYSTEM32\dhcpcsvc6.DLL
0x00007ffc1df10000 - 0x00007ffc1df2c000 	C:\Windows\SYSTEM32\dhcpcsvc.DLL
0x00007ffc23fe0000 - 0x00007ffc240ab000 	C:\Windows\SYSTEM32\DNSAPI.dll
0x00007ffc24b10000 - 0x00007ffc24d04000 	C:\Windows\SYSTEM32\dbghelp.dll

VM Arguments:
jvm_args: -XX:MaxMetaspaceSize=256m -XX:+HeapDumpOnOutOfMemoryError -Xms256m -Xmx512m -Dfile.encoding=windows-1252 -Duser.country=US -Duser.language=en -Duser.variant 
java_command: org.gradle.launcher.daemon.bootstrap.GradleDaemon 6.2
java_class_path (initial): C:\Users\DGT\.gradle\wrapper\dists\gradle-6.2-all\dvufqs6kielxeao781pmk5huj\gradle-6.2\lib\gradle-launcher-6.2.jar
Launcher Type: SUN_STANDARD

Environment Variables:
JAVA_HOME=C:\Program Files\Java\jdk1.8.0_261
CLASSPATH=F:\Poeticdata_Project@1\varial_app\android\\gradle\wrapper\gradle-wrapper.jar
PATH=F:\Poeticdata_Project@1\varial_app\android\node_modules\.bin;F:\Poeticdata_Project@1\varial_app\node_modules\.bin;F:\Poeticdata_Project@1\node_modules\.bin;F:\node_modules\.bin;C:\Program Files\nodejs;C:\Program Files (x86)\Common Files\Oracle\Java\javapath;C:\Python38\Scripts\;C:\Python38\;C:\Windows\system32;C:\Windows;C:\Windows\System32\Wbem;C:\Windows\System32\WindowsPowerShell\v1.0\;C:\Windows\System32\OpenSSH\;C:\Program Files\Git\cmd;C:\Program Files\nodejs\;C:\ProgramData\chocolatey\bin;C:\Program Files\Java\jdk1.8.0_261\bin;C:\Program Files\Android\Android Studio\gradle\gradle-X.X\;C:\Program Files\MongoDB\Server\4.0\bin;C:\Users\DGT\AppData\Local\Android\Sdk\emulator;C:\Program Files\dotnet\;C:\Program Files\Azure Data Studio\bin;C:\Program Files\Microsoft SQL Server\Client SDK\ODBC\170\Tools\Binn\;C:\Program Files (x86)\Microsoft SQL Server\150\Tools\Binn\;C:\Program Files\Microsoft SQL Server\150\Tools\Binn\;C:\Program Files\Microsoft SQL Server\150\DTS\Binn\;C:\Program Files (x86)\Microsoft SQL Server\150\DTS\Binn\;C:\Program Files\Microsoft SQL Server\130\Tools\Binn\;C:\Users\DGT\AppData\Local\Microsoft\WindowsApps;C:\Users\DGT\AppData\Roaming\npm;C:\Users\DGT\Program Files\node.js\;C:\Users\DGT\AppData\Local\Android\Sdk;C:\Users\DGT\AppData\Local\Programs\Microsoft VS Code Insiders\bin;C:\Users\DGT\AppData\Local\Programs\Microsoft VS Code\bin;C:\Users\DGT\.dotnet\tools;C:\Program Files\Azure Data Studio\bin
USERNAME=DGT
OS=Windows_NT
PROCESSOR_IDENTIFIER=Intel64 Family 6 Model 142 Stepping 10, GenuineIntel



---------------  S Y S T E M  ---------------

OS: Windows 10.0 , 64 bit Build 18362 (10.0.18362.1350)

CPU:total 4 (initial active 4) (2 cores per cpu, 2 threads per core) family 6 model 142 stepping 10, cmov, cx8, fxsr, mmx, sse, sse2, sse3, ssse3, sse4.1, sse4.2, popcnt, avx, avx2, aes, clmul, erms, 3dnowpref, lzcnt, ht, tsc, tscinvbit, bmi1, bmi2, adx

Memory: 4k page, physical 11811356k(1797436k free), swap 13859356k(9256k free)

vm_info: Java HotSpot(TM) 64-Bit Server VM (25.261-b12) for windows-amd64 JRE (1.8.0_261-b12), built on Jun 18 2020 06:56:32 by "" with unknown MS VC++:1916

time: Tue Mar  2 16:35:39 2021
timezone: India Standard Time
elapsed time: 4 seconds (0d 0h 0m 4s)

